2017-09-18 12:25:24 Warning: DebugKit not enabled. You need to either install pdo_sqlite, or define the "debug_kit" connection name.
2017-09-18 12:58:48 Warning: DebugKit not enabled. You need to either install pdo_sqlite, or define the "debug_kit" connection name.
2017-09-18 12:58:53 Warning: DebugKit not enabled. You need to either install pdo_sqlite, or define the "debug_kit" connection name.
2017-09-18 13:01:34 Warning: DebugKit not enabled. You need to either install pdo_sqlite, or define the "debug_kit" connection name.
2017-09-18 13:20:05 Warning: DebugKit not enabled. You need to either install pdo_sqlite, or define the "debug_kit" connection name.
2017-09-18 13:20:10 Warning: DebugKit not enabled. You need to either install pdo_sqlite, or define the "debug_kit" connection name.
2017-09-18 13:22:58 Warning: DebugKit not enabled. You need to either install pdo_sqlite, or define the "debug_kit" connection name.
2017-09-18 13:22:58 Error: Fatal Error (4): syntax error, unexpected '.', expecting '&' or variable (T_VARIABLE) in [/home/ubuntu/cakephp/cakephpapp/src/Controller/PagesController.php, line 41]
Request URL: /
Client IP: 99.226.216.100
Trace:
Cake\Error\BaseErrorHandler::handleFatalError() - CORE/src/Error/BaseErrorHandler.php, line 216
Cake\Error\BaseErrorHandler::Cake\Error\{closure}() - CORE/src/Error/BaseErrorHandler.php, line 98
[main] - [internal], line ??



2017-09-18 13:24:23 Warning: DebugKit not enabled. You need to either install pdo_sqlite, or define the "debug_kit" connection name.
2017-09-18 13:24:23 Error: Fatal Error (4): syntax error, unexpected '.', expecting '&' or variable (T_VARIABLE) in [/home/ubuntu/cakephp/cakephpapp/src/Controller/PagesController.php, line 41]
Request URL: /
Client IP: 99.226.216.100
Trace:
Cake\Error\BaseErrorHandler::handleFatalError() - CORE/src/Error/BaseErrorHandler.php, line 216
Cake\Error\BaseErrorHandler::Cake\Error\{closure}() - CORE/src/Error/BaseErrorHandler.php, line 98
[main] - [internal], line ??



2017-09-18 13:24:26 Warning: DebugKit not enabled. You need to either install pdo_sqlite, or define the "debug_kit" connection name.
2017-09-18 13:24:26 Error: Fatal Error (4): syntax error, unexpected '.', expecting '&' or variable (T_VARIABLE) in [/home/ubuntu/cakephp/cakephpapp/src/Controller/PagesController.php, line 41]
Request URL: /
Client IP: 99.226.216.100
Trace:
Cake\Error\BaseErrorHandler::handleFatalError() - CORE/src/Error/BaseErrorHandler.php, line 216
Cake\Error\BaseErrorHandler::Cake\Error\{closure}() - CORE/src/Error/BaseErrorHandler.php, line 98
[main] - [internal], line ??



2017-09-18 13:44:34 Warning: DebugKit not enabled. You need to either install pdo_sqlite, or define the "debug_kit" connection name.
2017-09-18 13:44:53 Warning: DebugKit not enabled. You need to either install pdo_sqlite, or define the "debug_kit" connection name.
2017-09-18 13:48:56 Warning: DebugKit not enabled. You need to either install pdo_sqlite, or define the "debug_kit" connection name.
2017-09-18 13:50:52 Warning: DebugKit not enabled. You need to either install pdo_sqlite, or define the "debug_kit" connection name.
2017-09-18 13:57:05 Warning: DebugKit not enabled. You need to either install pdo_sqlite, or define the "debug_kit" connection name.
2017-09-18 13:59:00 Warning: DebugKit not enabled. You need to either install pdo_sqlite, or define the "debug_kit" connection name.
2017-09-18 14:10:08 Warning: DebugKit not enabled. You need to either install pdo_sqlite, or define the "debug_kit" connection name.
2017-09-18 14:11:24 Warning: DebugKit not enabled. You need to either install pdo_sqlite, or define the "debug_kit" connection name.
2017-09-18 17:30:14 Warning: DebugKit not enabled. You need to either install pdo_sqlite, or define the "debug_kit" connection name.
2017-09-18 18:03:20 Error: [Cake\Routing\Exception\MissingControllerException] Controller class Css could not be found.
Exception Attributes: array (
  'class' => 'Css',
  'plugin' => false,
  'prefix' => false,
  '_ext' => false,
)
Request URL: /css/mystyle.css
Referer URL: http://localhost/
Stack Trace:
#0 /Users/anhtran/Downloads/phpcake/cakephpapp/vendor/cakephp/cakephp/src/Http/ControllerFactory.php(72): Cake\Http\ControllerFactory->missingController(Object(Cake\Network\Request))
#1 /Users/anhtran/Downloads/phpcake/cakephpapp/vendor/cakephp/cakephp/src/Http/ActionDispatcher.php(92): Cake\Http\ControllerFactory->create(Object(Cake\Network\Request), Object(Cake\Network\Response))
#2 /Users/anhtran/Downloads/phpcake/cakephpapp/vendor/cakephp/cakephp/src/Http/BaseApplication.php(83): Cake\Http\ActionDispatcher->dispatch(Object(Cake\Network\Request), Object(Cake\Network\Response))
#3 /Users/anhtran/Downloads/phpcake/cakephpapp/vendor/cakephp/cakephp/src/Http/Runner.php(65): Cake\Http\BaseApplication->__invoke(Object(Zend\Diactoros\ServerRequest), Object(Zend\Diactoros\Response), Object(Cake\Http\Runner))
#4 /Users/anhtran/Downloads/phpcake/cakephpapp/vendor/cakephp/cakephp/src/Routing/Middleware/RoutingMiddleware.php(62): Cake\Http\Runner->__invoke(Object(Zend\Diactoros\ServerRequest), Object(Zend\Diactoros\Response))
#5 /Users/anhtran/Downloads/phpcake/cakephpapp/vendor/cakephp/cakephp/src/Http/Runner.php(65): Cake\Routing\Middleware\RoutingMiddleware->__invoke(Object(Zend\Diactoros\ServerRequest), Object(Zend\Diactoros\Response), Object(Cake\Http\Runner))
#6 /Users/anhtran/Downloads/phpcake/cakephpapp/vendor/cakephp/cakephp/src/Routing/Middleware/AssetMiddleware.php(93): Cake\Http\Runner->__invoke(Object(Zend\Diactoros\ServerRequest), Object(Zend\Diactoros\Response))
#7 /Users/anhtran/Downloads/phpcake/cakephpapp/vendor/cakephp/cakephp/src/Http/Runner.php(65): Cake\Routing\Middleware\AssetMiddleware->__invoke(Object(Zend\Diactoros\ServerRequest), Object(Zend\Diactoros\Response), Object(Cake\Http\Runner))
#8 /Users/anhtran/Downloads/phpcake/cakephpapp/vendor/cakephp/cakephp/src/Error/Middleware/ErrorHandlerMiddleware.php(81): Cake\Http\Runner->__invoke(Object(Zend\Diactoros\ServerRequest), Object(Zend\Diactoros\Response))
#9 /Users/anhtran/Downloads/phpcake/cakephpapp/vendor/cakephp/cakephp/src/Http/Runner.php(65): Cake\Error\Middleware\ErrorHandlerMiddleware->__invoke(Object(Zend\Diactoros\ServerRequest), Object(Zend\Diactoros\Response), Object(Cake\Http\Runner))
#10 /Users/anhtran/Downloads/phpcake/cakephpapp/vendor/cakephp/cakephp/src/Http/Runner.php(51): Cake\Http\Runner->__invoke(Object(Zend\Diactoros\ServerRequest), Object(Zend\Diactoros\Response))
#11 /Users/anhtran/Downloads/phpcake/cakephpapp/vendor/cakephp/cakephp/src/Http/Server.php(90): Cake\Http\Runner->run(Object(Cake\Http\MiddlewareQueue), Object(Zend\Diactoros\ServerRequest), Object(Zend\Diactoros\Response))
#12 /Users/anhtran/Downloads/phpcake/cakephpapp/webroot/index.php(37): Cake\Http\Server->run()
#13 {main}


2017-09-18 18:03:20 Error: [Cake\Routing\Exception\MissingControllerException] Controller class Js could not be found.
Exception Attributes: array (
  'class' => 'Js',
  'plugin' => false,
  'prefix' => false,
  '_ext' => false,
)
Request URL: /js/loginhandler.js
Referer URL: http://localhost/
Stack Trace:
#0 /Users/anhtran/Downloads/phpcake/cakephpapp/vendor/cakephp/cakephp/src/Http/ControllerFactory.php(72): Cake\Http\ControllerFactory->missingController(Object(Cake\Network\Request))
#1 /Users/anhtran/Downloads/phpcake/cakephpapp/vendor/cakephp/cakephp/src/Http/ActionDispatcher.php(92): Cake\Http\ControllerFactory->create(Object(Cake\Network\Request), Object(Cake\Network\Response))
#2 /Users/anhtran/Downloads/phpcake/cakephpapp/vendor/cakephp/cakephp/src/Http/BaseApplication.php(83): Cake\Http\ActionDispatcher->dispatch(Object(Cake\Network\Request), Object(Cake\Network\Response))
#3 /Users/anhtran/Downloads/phpcake/cakephpapp/vendor/cakephp/cakephp/src/Http/Runner.php(65): Cake\Http\BaseApplication->__invoke(Object(Zend\Diactoros\ServerRequest), Object(Zend\Diactoros\Response), Object(Cake\Http\Runner))
#4 /Users/anhtran/Downloads/phpcake/cakephpapp/vendor/cakephp/cakephp/src/Routing/Middleware/RoutingMiddleware.php(62): Cake\Http\Runner->__invoke(Object(Zend\Diactoros\ServerRequest), Object(Zend\Diactoros\Response))
#5 /Users/anhtran/Downloads/phpcake/cakephpapp/vendor/cakephp/cakephp/src/Http/Runner.php(65): Cake\Routing\Middleware\RoutingMiddleware->__invoke(Object(Zend\Diactoros\ServerRequest), Object(Zend\Diactoros\Response), Object(Cake\Http\Runner))
#6 /Users/anhtran/Downloads/phpcake/cakephpapp/vendor/cakephp/cakephp/src/Routing/Middleware/AssetMiddleware.php(93): Cake\Http\Runner->__invoke(Object(Zend\Diactoros\ServerRequest), Object(Zend\Diactoros\Response))
#7 /Users/anhtran/Downloads/phpcake/cakephpapp/vendor/cakephp/cakephp/src/Http/Runner.php(65): Cake\Routing\Middleware\AssetMiddleware->__invoke(Object(Zend\Diactoros\ServerRequest), Object(Zend\Diactoros\Response), Object(Cake\Http\Runner))
#8 /Users/anhtran/Downloads/phpcake/cakephpapp/vendor/cakephp/cakephp/src/Error/Middleware/ErrorHandlerMiddleware.php(81): Cake\Http\Runner->__invoke(Object(Zend\Diactoros\ServerRequest), Object(Zend\Diactoros\Response))
#9 /Users/anhtran/Downloads/phpcake/cakephpapp/vendor/cakephp/cakephp/src/Http/Runner.php(65): Cake\Error\Middleware\ErrorHandlerMiddleware->__invoke(Object(Zend\Diactoros\ServerRequest), Object(Zend\Diactoros\Response), Object(Cake\Http\Runner))
#10 /Users/anhtran/Downloads/phpcake/cakephpapp/vendor/cakephp/cakephp/src/Http/Runner.php(51): Cake\Http\Runner->__invoke(Object(Zend\Diactoros\ServerRequest), Object(Zend\Diactoros\Response))
#11 /Users/anhtran/Downloads/phpcake/cakephpapp/vendor/cakephp/cakephp/src/Http/Server.php(90): Cake\Http\Runner->run(Object(Cake\Http\MiddlewareQueue), Object(Zend\Diactoros\ServerRequest), Object(Zend\Diactoros\Response))
#12 /Users/anhtran/Downloads/phpcake/cakephpapp/webroot/index.php(37): Cake\Http\Server->run()
#13 {main}


2017-09-18 18:03:20 Error: [Cake\Routing\Exception\MissingControllerException] Controller class Img could not be found.
Exception Attributes: array (
  'class' => 'Img',
  'plugin' => false,
  'prefix' => false,
  '_ext' => false,
)
Request URL: /img/carlogo.png
Referer URL: http://localhost/
Stack Trace:
#0 /Users/anhtran/Downloads/phpcake/cakephpapp/vendor/cakephp/cakephp/src/Http/ControllerFactory.php(72): Cake\Http\ControllerFactory->missingController(Object(Cake\Network\Request))
#1 /Users/anhtran/Downloads/phpcake/cakephpapp/vendor/cakephp/cakephp/src/Http/ActionDispatcher.php(92): Cake\Http\ControllerFactory->create(Object(Cake\Network\Request), Object(Cake\Network\Response))
#2 /Users/anhtran/Downloads/phpcake/cakephpapp/vendor/cakephp/cakephp/src/Http/BaseApplication.php(83): Cake\Http\ActionDispatcher->dispatch(Object(Cake\Network\Request), Object(Cake\Network\Response))
#3 /Users/anhtran/Downloads/phpcake/cakephpapp/vendor/cakephp/cakephp/src/Http/Runner.php(65): Cake\Http\BaseApplication->__invoke(Object(Zend\Diactoros\ServerRequest), Object(Zend\Diactoros\Response), Object(Cake\Http\Runner))
#4 /Users/anhtran/Downloads/phpcake/cakephpapp/vendor/cakephp/cakephp/src/Routing/Middleware/RoutingMiddleware.php(62): Cake\Http\Runner->__invoke(Object(Zend\Diactoros\ServerRequest), Object(Zend\Diactoros\Response))
#5 /Users/anhtran/Downloads/phpcake/cakephpapp/vendor/cakephp/cakephp/src/Http/Runner.php(65): Cake\Routing\Middleware\RoutingMiddleware->__invoke(Object(Zend\Diactoros\ServerRequest), Object(Zend\Diactoros\Response), Object(Cake\Http\Runner))
#6 /Users/anhtran/Downloads/phpcake/cakephpapp/vendor/cakephp/cakephp/src/Routing/Middleware/AssetMiddleware.php(93): Cake\Http\Runner->__invoke(Object(Zend\Diactoros\ServerRequest), Object(Zend\Diactoros\Response))
#7 /Users/anhtran/Downloads/phpcake/cakephpapp/vendor/cakephp/cakephp/src/Http/Runner.php(65): Cake\Routing\Middleware\AssetMiddleware->__invoke(Object(Zend\Diactoros\ServerRequest), Object(Zend\Diactoros\Response), Object(Cake\Http\Runner))
#8 /Users/anhtran/Downloads/phpcake/cakephpapp/vendor/cakephp/cakephp/src/Error/Middleware/ErrorHandlerMiddleware.php(81): Cake\Http\Runner->__invoke(Object(Zend\Diactoros\ServerRequest), Object(Zend\Diactoros\Response))
#9 /Users/anhtran/Downloads/phpcake/cakephpapp/vendor/cakephp/cakephp/src/Http/Runner.php(65): Cake\Error\Middleware\ErrorHandlerMiddleware->__invoke(Object(Zend\Diactoros\ServerRequest), Object(Zend\Diactoros\Response), Object(Cake\Http\Runner))
#10 /Users/anhtran/Downloads/phpcake/cakephpapp/vendor/cakephp/cakephp/src/Http/Runner.php(51): Cake\Http\Runner->__invoke(Object(Zend\Diactoros\ServerRequest), Object(Zend\Diactoros\Response))
#11 /Users/anhtran/Downloads/phpcake/cakephpapp/vendor/cakephp/cakephp/src/Http/Server.php(90): Cake\Http\Runner->run(Object(Cake\Http\MiddlewareQueue), Object(Zend\Diactoros\ServerRequest), Object(Zend\Diactoros\Response))
#12 /Users/anhtran/Downloads/phpcake/cakephpapp/webroot/index.php(37): Cake\Http\Server->run()
#13 {main}


2017-09-18 18:10:24 Error: [Cake\Routing\Exception\MissingControllerException] Controller class Css could not be found.
Exception Attributes: array (
  'class' => 'Css',
  'plugin' => false,
  'prefix' => false,
  '_ext' => false,
)
Request URL: /css/mystyle.css
Referer URL: http://localhost/
Stack Trace:
#0 /Users/anhtran/Downloads/phpcake/cakephpapp/vendor/cakephp/cakephp/src/Http/ControllerFactory.php(72): Cake\Http\ControllerFactory->missingController(Object(Cake\Network\Request))
#1 /Users/anhtran/Downloads/phpcake/cakephpapp/vendor/cakephp/cakephp/src/Http/ActionDispatcher.php(92): Cake\Http\ControllerFactory->create(Object(Cake\Network\Request), Object(Cake\Network\Response))
#2 /Users/anhtran/Downloads/phpcake/cakephpapp/vendor/cakephp/cakephp/src/Http/BaseApplication.php(83): Cake\Http\ActionDispatcher->dispatch(Object(Cake\Network\Request), Object(Cake\Network\Response))
#3 /Users/anhtran/Downloads/phpcake/cakephpapp/vendor/cakephp/cakephp/src/Http/Runner.php(65): Cake\Http\BaseApplication->__invoke(Object(Zend\Diactoros\ServerRequest), Object(Zend\Diactoros\Response), Object(Cake\Http\Runner))
#4 /Users/anhtran/Downloads/phpcake/cakephpapp/vendor/cakephp/cakephp/src/Routing/Middleware/RoutingMiddleware.php(62): Cake\Http\Runner->__invoke(Object(Zend\Diactoros\ServerRequest), Object(Zend\Diactoros\Response))
#5 /Users/anhtran/Downloads/phpcake/cakephpapp/vendor/cakephp/cakephp/src/Http/Runner.php(65): Cake\Routing\Middleware\RoutingMiddleware->__invoke(Object(Zend\Diactoros\ServerRequest), Object(Zend\Diactoros\Response), Object(Cake\Http\Runner))
#6 /Users/anhtran/Downloads/phpcake/cakephpapp/vendor/cakephp/cakephp/src/Routing/Middleware/AssetMiddleware.php(93): Cake\Http\Runner->__invoke(Object(Zend\Diactoros\ServerRequest), Object(Zend\Diactoros\Response))
#7 /Users/anhtran/Downloads/phpcake/cakephpapp/vendor/cakephp/cakephp/src/Http/Runner.php(65): Cake\Routing\Middleware\AssetMiddleware->__invoke(Object(Zend\Diactoros\ServerRequest), Object(Zend\Diactoros\Response), Object(Cake\Http\Runner))
#8 /Users/anhtran/Downloads/phpcake/cakephpapp/vendor/cakephp/cakephp/src/Error/Middleware/ErrorHandlerMiddleware.php(81): Cake\Http\Runner->__invoke(Object(Zend\Diactoros\ServerRequest), Object(Zend\Diactoros\Response))
#9 /Users/anhtran/Downloads/phpcake/cakephpapp/vendor/cakephp/cakephp/src/Http/Runner.php(65): Cake\Error\Middleware\ErrorHandlerMiddleware->__invoke(Object(Zend\Diactoros\ServerRequest), Object(Zend\Diactoros\Response), Object(Cake\Http\Runner))
#10 /Users/anhtran/Downloads/phpcake/cakephpapp/vendor/cakephp/cakephp/src/Http/Runner.php(51): Cake\Http\Runner->__invoke(Object(Zend\Diactoros\ServerRequest), Object(Zend\Diactoros\Response))
#11 /Users/anhtran/Downloads/phpcake/cakephpapp/vendor/cakephp/cakephp/src/Http/Server.php(90): Cake\Http\Runner->run(Object(Cake\Http\MiddlewareQueue), Object(Zend\Diactoros\ServerRequest), Object(Zend\Diactoros\Response))
#12 /Users/anhtran/Downloads/phpcake/cakephpapp/webroot/index.php(37): Cake\Http\Server->run()
#13 {main}


2017-09-18 18:17:49 Error: Fatal Error (1): Call to undefined method App\Controller\UsersController::checkUserAndPassword() in [/Users/anhtran/Downloads/phpcake/cakephpapp/src/Controller/CarsController.php, line 31]
Request URL: /cars/main
Referer URL: http://localhost/
Trace:
Cake\Error\BaseErrorHandler::handleFatalError() - CORE/src/Error/BaseErrorHandler.php, line 216
Cake\Error\BaseErrorHandler::Cake\Error\{closure}() - CORE/src/Error/BaseErrorHandler.php, line 98
[main] - [internal], line ??



2017-09-18 18:17:49 Warning: Headers already sent in /Users/anhtran/Downloads/phpcake/cakephpapp/src/Controller/CarsController.php:31
2017-09-18 18:17:49 Error: [Cake\Error\FatalErrorException] Call to undefined method App\Controller\UsersController::checkUserAndPassword()
Request URL: /cars/main
Referer URL: http://localhost/
Stack Trace:
#0 /Users/anhtran/Downloads/phpcake/cakephpapp/vendor/cakephp/cakephp/src/Error/BaseErrorHandler.php(98): Cake\Error\BaseErrorHandler->handleFatalError(1, 'Call to undefin...', '/Users/anhtran/...', 31)
#1 [internal function]: Cake\Error\BaseErrorHandler->Cake\Error\{closure}()
#2 {main}


2017-09-18 18:18:26 Error: Fatal Error (1): Call to undefined method App\Controller\ProductsController::getAllProductsById() in [/Users/anhtran/Downloads/phpcake/cakephpapp/src/Controller/CarsController.php, line 86]
Request URL: /cars/detail/1
Trace:
Cake\Error\BaseErrorHandler::handleFatalError() - CORE/src/Error/BaseErrorHandler.php, line 216
Cake\Error\BaseErrorHandler::Cake\Error\{closure}() - CORE/src/Error/BaseErrorHandler.php, line 98
[main] - [internal], line ??



2017-09-18 18:18:26 Warning: Headers already sent in /Users/anhtran/Downloads/phpcake/cakephpapp/src/Controller/CarsController.php:86
2017-09-18 18:18:26 Error: [Cake\Error\FatalErrorException] Call to undefined method App\Controller\ProductsController::getAllProductsById()
Request URL: /cars/detail/1
Stack Trace:
#0 /Users/anhtran/Downloads/phpcake/cakephpapp/vendor/cakephp/cakephp/src/Error/BaseErrorHandler.php(98): Cake\Error\BaseErrorHandler->handleFatalError(1, 'Call to undefin...', '/Users/anhtran/...', 86)
#1 [internal function]: Cake\Error\BaseErrorHandler->Cake\Error\{closure}()
#2 {main}


2017-09-18 18:18:53 Error: Fatal Error (1): Call to undefined method App\Controller\UsersController::checkUserAndPassword() in [/Users/anhtran/Downloads/phpcake/cakephpapp/src/Controller/CarsController.php, line 31]
Request URL: /cars/main
Referer URL: http://localhost/
Trace:
Cake\Error\BaseErrorHandler::handleFatalError() - CORE/src/Error/BaseErrorHandler.php, line 216
Cake\Error\BaseErrorHandler::Cake\Error\{closure}() - CORE/src/Error/BaseErrorHandler.php, line 98
[main] - [internal], line ??



2017-09-18 18:18:53 Warning: Headers already sent in /Users/anhtran/Downloads/phpcake/cakephpapp/src/Controller/CarsController.php:31
2017-09-18 18:18:53 Error: [Cake\Error\FatalErrorException] Call to undefined method App\Controller\UsersController::checkUserAndPassword()
Request URL: /cars/main
Referer URL: http://localhost/
Stack Trace:
#0 /Users/anhtran/Downloads/phpcake/cakephpapp/vendor/cakephp/cakephp/src/Error/BaseErrorHandler.php(98): Cake\Error\BaseErrorHandler->handleFatalError(1, 'Call to undefin...', '/Users/anhtran/...', 31)
#1 [internal function]: Cake\Error\BaseErrorHandler->Cake\Error\{closure}()
#2 {main}


2017-09-18 18:19:22 Error: Fatal Error (1): Call to undefined method App\Controller\UsersController::getFirstName() in [/Users/anhtran/Downloads/phpcake/cakephpapp/src/Controller/CarsController.php, line 70]
Request URL: /cars/product/anh_tranquoc@outlook.com/1
Trace:
Cake\Error\BaseErrorHandler::handleFatalError() - CORE/src/Error/BaseErrorHandler.php, line 216
Cake\Error\BaseErrorHandler::Cake\Error\{closure}() - CORE/src/Error/BaseErrorHandler.php, line 98
[main] - [internal], line ??



2017-09-18 18:19:22 Warning: Headers already sent in /Users/anhtran/Downloads/phpcake/cakephpapp/src/Controller/CarsController.php:70
2017-09-18 18:19:22 Error: [Cake\Error\FatalErrorException] Call to undefined method App\Controller\UsersController::getFirstName()
Request URL: /cars/product/anh_tranquoc@outlook.com/1
Stack Trace:
#0 /Users/anhtran/Downloads/phpcake/cakephpapp/vendor/cakephp/cakephp/src/Error/BaseErrorHandler.php(98): Cake\Error\BaseErrorHandler->handleFatalError(1, 'Call to undefin...', '/Users/anhtran/...', 70)
#1 [internal function]: Cake\Error\BaseErrorHandler->Cake\Error\{closure}()
#2 {main}


2017-09-18 18:28:52 Error: Fatal Error (1): Call to a member function setUser() on boolean in [/Users/anhtran/Downloads/phpcake/cakephpapp/src/Controller/CarsController.php, line 33]
Request URL: /cars/main
Referer URL: http://localhost/
Trace:
Cake\Error\BaseErrorHandler::handleFatalError() - CORE/src/Error/BaseErrorHandler.php, line 216
Cake\Error\BaseErrorHandler::Cake\Error\{closure}() - CORE/src/Error/BaseErrorHandler.php, line 98
[main] - [internal], line ??



2017-09-18 18:28:52 Warning: Headers already sent in /Users/anhtran/Downloads/phpcake/cakephpapp/src/Controller/CarsController.php:33
2017-09-18 18:28:52 Error: [Cake\Error\FatalErrorException] Call to a member function setUser() on boolean
Request URL: /cars/main
Referer URL: http://localhost/
Stack Trace:
#0 /Users/anhtran/Downloads/phpcake/cakephpapp/vendor/cakephp/cakephp/src/Error/BaseErrorHandler.php(98): Cake\Error\BaseErrorHandler->handleFatalError(1, 'Call to a membe...', '/Users/anhtran/...', 33)
#1 [internal function]: Cake\Error\BaseErrorHandler->Cake\Error\{closure}()
#2 {main}


2017-09-18 18:30:29 Error: Fatal Error (1): Call to a member function setUser() on boolean in [/Users/anhtran/Downloads/phpcake/cakephpapp/src/Controller/CarsController.php, line 33]
Request URL: /cars/main
Referer URL: http://localhost/
Trace:
Cake\Error\BaseErrorHandler::handleFatalError() - CORE/src/Error/BaseErrorHandler.php, line 216
Cake\Error\BaseErrorHandler::Cake\Error\{closure}() - CORE/src/Error/BaseErrorHandler.php, line 98
[main] - [internal], line ??



2017-09-18 18:30:29 Warning: Headers already sent in /Users/anhtran/Downloads/phpcake/cakephpapp/src/Controller/CarsController.php:33
2017-09-18 18:30:29 Error: [Cake\Error\FatalErrorException] Call to a member function setUser() on boolean
Request URL: /cars/main
Referer URL: http://localhost/
Stack Trace:
#0 /Users/anhtran/Downloads/phpcake/cakephpapp/vendor/cakephp/cakephp/src/Error/BaseErrorHandler.php(98): Cake\Error\BaseErrorHandler->handleFatalError(1, 'Call to a membe...', '/Users/anhtran/...', 33)
#1 [internal function]: Cake\Error\BaseErrorHandler->Cake\Error\{closure}()
#2 {main}


2017-09-18 18:40:09 Error: Fatal Error (1): Call to a member function setUser() on boolean in [/Users/anhtran/Downloads/phpcake/cakephpapp/src/Controller/CarsController.php, line 33]
Request URL: /cars/main
Referer URL: http://localhost/?XDEBUG_SESSION_START=netbeans-xdebug
Trace:
Cake\Error\BaseErrorHandler::handleFatalError() - CORE/src/Error/BaseErrorHandler.php, line 216
Cake\Error\BaseErrorHandler::Cake\Error\{closure}() - CORE/src/Error/BaseErrorHandler.php, line 98
[main] - [internal], line ??



2017-09-18 18:40:09 Warning: Headers already sent in /Users/anhtran/Downloads/phpcake/cakephpapp/src/Controller/CarsController.php:33
2017-09-18 18:40:09 Error: [Cake\Error\FatalErrorException] Call to a member function setUser() on boolean
Request URL: /cars/main
Referer URL: http://localhost/?XDEBUG_SESSION_START=netbeans-xdebug
Stack Trace:
#0 /Users/anhtran/Downloads/phpcake/cakephpapp/vendor/cakephp/cakephp/src/Error/BaseErrorHandler.php(98): Cake\Error\BaseErrorHandler->handleFatalError(1, 'Call to a membe...', '/Users/anhtran/...', 33)
#1 [internal function]: Cake\Error\BaseErrorHandler->Cake\Error\{closure}()
#2 {main}


2017-09-18 18:41:10 Error: Fatal Error (1): Call to a member function setUser() on boolean in [/Users/anhtran/Downloads/phpcake/cakephpapp/src/Controller/CarsController.php, line 33]
Request URL: /cars/main
Referer URL: http://localhost/?XDEBUG_SESSION_START=netbeans-xdebug
Trace:
Cake\Error\BaseErrorHandler::handleFatalError() - CORE/src/Error/BaseErrorHandler.php, line 216
Cake\Error\BaseErrorHandler::Cake\Error\{closure}() - CORE/src/Error/BaseErrorHandler.php, line 98
[main] - [internal], line ??



2017-09-18 18:41:10 Warning: Headers already sent in /Users/anhtran/Downloads/phpcake/cakephpapp/src/Controller/CarsController.php:33
2017-09-18 18:41:10 Error: [Cake\Error\FatalErrorException] Call to a member function setUser() on boolean
Request URL: /cars/main
Referer URL: http://localhost/?XDEBUG_SESSION_START=netbeans-xdebug
Stack Trace:
#0 /Users/anhtran/Downloads/phpcake/cakephpapp/vendor/cakephp/cakephp/src/Error/BaseErrorHandler.php(98): Cake\Error\BaseErrorHandler->handleFatalError(1, 'Call to a membe...', '/Users/anhtran/...', 33)
#1 [internal function]: Cake\Error\BaseErrorHandler->Cake\Error\{closure}()
#2 {main}


2017-09-18 18:43:50 Error: Fatal Error (1): Call to a member function setUser() on boolean in [/Users/anhtran/Downloads/phpcake/cakephpapp/src/Controller/CarsController.php, line 33]
Request URL: /cars/main
Referer URL: http://localhost/?XDEBUG_SESSION_START=netbeans-xdebug
Trace:
Cake\Error\BaseErrorHandler::handleFatalError() - CORE/src/Error/BaseErrorHandler.php, line 216
Cake\Error\BaseErrorHandler::Cake\Error\{closure}() - CORE/src/Error/BaseErrorHandler.php, line 98
[main] - [internal], line ??



2017-09-18 18:43:51 Warning: Headers already sent in /Users/anhtran/Downloads/phpcake/cakephpapp/src/Controller/CarsController.php:33
2017-09-18 18:43:51 Error: [Cake\Error\FatalErrorException] Call to a member function setUser() on boolean
Request URL: /cars/main
Referer URL: http://localhost/?XDEBUG_SESSION_START=netbeans-xdebug
Stack Trace:
#0 /Users/anhtran/Downloads/phpcake/cakephpapp/vendor/cakephp/cakephp/src/Error/BaseErrorHandler.php(98): Cake\Error\BaseErrorHandler->handleFatalError(1, 'Call to a membe...', '/Users/anhtran/...', 33)
#1 [internal function]: Cake\Error\BaseErrorHandler->Cake\Error\{closure}()
#2 {main}


2017-09-18 18:44:36 Error: Fatal Error (1): Call to a member function setUser() on boolean in [/Users/anhtran/Downloads/phpcake/cakephpapp/src/Controller/CarsController.php, line 33]
Request URL: /cars/main
Referer URL: http://localhost/cars/main/?XDEBUG_SESSION_START=netbeans-xdebug
Trace:
Cake\Error\BaseErrorHandler::handleFatalError() - CORE/src/Error/BaseErrorHandler.php, line 216
Cake\Error\BaseErrorHandler::Cake\Error\{closure}() - CORE/src/Error/BaseErrorHandler.php, line 98
[main] - [internal], line ??



2017-09-18 18:44:36 Warning: Headers already sent in /Users/anhtran/Downloads/phpcake/cakephpapp/src/Controller/CarsController.php:33
2017-09-18 18:44:36 Error: [Cake\Error\FatalErrorException] Call to a member function setUser() on boolean
Request URL: /cars/main
Referer URL: http://localhost/cars/main/?XDEBUG_SESSION_START=netbeans-xdebug
Stack Trace:
#0 /Users/anhtran/Downloads/phpcake/cakephpapp/vendor/cakephp/cakephp/src/Error/BaseErrorHandler.php(98): Cake\Error\BaseErrorHandler->handleFatalError(1, 'Call to a membe...', '/Users/anhtran/...', 33)
#1 [internal function]: Cake\Error\BaseErrorHandler->Cake\Error\{closure}()
#2 {main}


2017-09-18 18:49:29 Error: [Cake\Routing\Exception\MissingControllerException] Controller class Src could not be found.
Exception Attributes: array (
  'class' => 'Src',
  'plugin' => false,
  'prefix' => false,
  '_ext' => false,
)
Request URL: /src/Controller/CarsController.php?XDEBUG_SESSION_START=netbeans-xdebug
Stack Trace:
#0 /Users/anhtran/Downloads/phpcake/cakephpapp/vendor/cakephp/cakephp/src/Http/ControllerFactory.php(72): Cake\Http\ControllerFactory->missingController(Object(Cake\Network\Request))
#1 /Users/anhtran/Downloads/phpcake/cakephpapp/vendor/cakephp/cakephp/src/Http/ActionDispatcher.php(92): Cake\Http\ControllerFactory->create(Object(Cake\Network\Request), Object(Cake\Network\Response))
#2 /Users/anhtran/Downloads/phpcake/cakephpapp/vendor/cakephp/cakephp/src/Http/BaseApplication.php(83): Cake\Http\ActionDispatcher->dispatch(Object(Cake\Network\Request), Object(Cake\Network\Response))
#3 /Users/anhtran/Downloads/phpcake/cakephpapp/vendor/cakephp/cakephp/src/Http/Runner.php(65): Cake\Http\BaseApplication->__invoke(Object(Zend\Diactoros\ServerRequest), Object(Zend\Diactoros\Response), Object(Cake\Http\Runner))
#4 /Users/anhtran/Downloads/phpcake/cakephpapp/vendor/cakephp/cakephp/src/Routing/Middleware/RoutingMiddleware.php(62): Cake\Http\Runner->__invoke(Object(Zend\Diactoros\ServerRequest), Object(Zend\Diactoros\Response))
#5 /Users/anhtran/Downloads/phpcake/cakephpapp/vendor/cakephp/cakephp/src/Http/Runner.php(65): Cake\Routing\Middleware\RoutingMiddleware->__invoke(Object(Zend\Diactoros\ServerRequest), Object(Zend\Diactoros\Response), Object(Cake\Http\Runner))
#6 /Users/anhtran/Downloads/phpcake/cakephpapp/vendor/cakephp/cakephp/src/Routing/Middleware/AssetMiddleware.php(93): Cake\Http\Runner->__invoke(Object(Zend\Diactoros\ServerRequest), Object(Zend\Diactoros\Response))
#7 /Users/anhtran/Downloads/phpcake/cakephpapp/vendor/cakephp/cakephp/src/Http/Runner.php(65): Cake\Routing\Middleware\AssetMiddleware->__invoke(Object(Zend\Diactoros\ServerRequest), Object(Zend\Diactoros\Response), Object(Cake\Http\Runner))
#8 /Users/anhtran/Downloads/phpcake/cakephpapp/vendor/cakephp/cakephp/src/Error/Middleware/ErrorHandlerMiddleware.php(81): Cake\Http\Runner->__invoke(Object(Zend\Diactoros\ServerRequest), Object(Zend\Diactoros\Response))
#9 /Users/anhtran/Downloads/phpcake/cakephpapp/vendor/cakephp/cakephp/src/Http/Runner.php(65): Cake\Error\Middleware\ErrorHandlerMiddleware->__invoke(Object(Zend\Diactoros\ServerRequest), Object(Zend\Diactoros\Response), Object(Cake\Http\Runner))
#10 /Users/anhtran/Downloads/phpcake/cakephpapp/vendor/cakephp/cakephp/src/Http/Runner.php(51): Cake\Http\Runner->__invoke(Object(Zend\Diactoros\ServerRequest), Object(Zend\Diactoros\Response))
#11 /Users/anhtran/Downloads/phpcake/cakephpapp/vendor/cakephp/cakephp/src/Http/Server.php(90): Cake\Http\Runner->run(Object(Cake\Http\MiddlewareQueue), Object(Zend\Diactoros\ServerRequest), Object(Zend\Diactoros\Response))
#12 /Users/anhtran/Downloads/phpcake/cakephpapp/webroot/index.php(37): Cake\Http\Server->run()
#13 {main}


2017-09-18 18:49:56 Error: [Cake\Routing\Exception\MissingControllerException] Controller class Src could not be found.
Exception Attributes: array (
  'class' => 'Src',
  'plugin' => false,
  'prefix' => false,
  '_ext' => false,
)
Request URL: /src/Controller/CarsController.php?XDEBUG_SESSION_START=netbeans-xdebug
Stack Trace:
#0 /Users/anhtran/Downloads/phpcake/cakephpapp/vendor/cakephp/cakephp/src/Http/ControllerFactory.php(72): Cake\Http\ControllerFactory->missingController(Object(Cake\Network\Request))
#1 /Users/anhtran/Downloads/phpcake/cakephpapp/vendor/cakephp/cakephp/src/Http/ActionDispatcher.php(92): Cake\Http\ControllerFactory->create(Object(Cake\Network\Request), Object(Cake\Network\Response))
#2 /Users/anhtran/Downloads/phpcake/cakephpapp/vendor/cakephp/cakephp/src/Http/BaseApplication.php(83): Cake\Http\ActionDispatcher->dispatch(Object(Cake\Network\Request), Object(Cake\Network\Response))
#3 /Users/anhtran/Downloads/phpcake/cakephpapp/vendor/cakephp/cakephp/src/Http/Runner.php(65): Cake\Http\BaseApplication->__invoke(Object(Zend\Diactoros\ServerRequest), Object(Zend\Diactoros\Response), Object(Cake\Http\Runner))
#4 /Users/anhtran/Downloads/phpcake/cakephpapp/vendor/cakephp/cakephp/src/Routing/Middleware/RoutingMiddleware.php(62): Cake\Http\Runner->__invoke(Object(Zend\Diactoros\ServerRequest), Object(Zend\Diactoros\Response))
#5 /Users/anhtran/Downloads/phpcake/cakephpapp/vendor/cakephp/cakephp/src/Http/Runner.php(65): Cake\Routing\Middleware\RoutingMiddleware->__invoke(Object(Zend\Diactoros\ServerRequest), Object(Zend\Diactoros\Response), Object(Cake\Http\Runner))
#6 /Users/anhtran/Downloads/phpcake/cakephpapp/vendor/cakephp/cakephp/src/Routing/Middleware/AssetMiddleware.php(93): Cake\Http\Runner->__invoke(Object(Zend\Diactoros\ServerRequest), Object(Zend\Diactoros\Response))
#7 /Users/anhtran/Downloads/phpcake/cakephpapp/vendor/cakephp/cakephp/src/Http/Runner.php(65): Cake\Routing\Middleware\AssetMiddleware->__invoke(Object(Zend\Diactoros\ServerRequest), Object(Zend\Diactoros\Response), Object(Cake\Http\Runner))
#8 /Users/anhtran/Downloads/phpcake/cakephpapp/vendor/cakephp/cakephp/src/Error/Middleware/ErrorHandlerMiddleware.php(81): Cake\Http\Runner->__invoke(Object(Zend\Diactoros\ServerRequest), Object(Zend\Diactoros\Response))
#9 /Users/anhtran/Downloads/phpcake/cakephpapp/vendor/cakephp/cakephp/src/Http/Runner.php(65): Cake\Error\Middleware\ErrorHandlerMiddleware->__invoke(Object(Zend\Diactoros\ServerRequest), Object(Zend\Diactoros\Response), Object(Cake\Http\Runner))
#10 /Users/anhtran/Downloads/phpcake/cakephpapp/vendor/cakephp/cakephp/src/Http/Runner.php(51): Cake\Http\Runner->__invoke(Object(Zend\Diactoros\ServerRequest), Object(Zend\Diactoros\Response))
#11 /Users/anhtran/Downloads/phpcake/cakephpapp/vendor/cakephp/cakephp/src/Http/Server.php(90): Cake\Http\Runner->run(Object(Cake\Http\MiddlewareQueue), Object(Zend\Diactoros\ServerRequest), Object(Zend\Diactoros\Response))
#12 /Users/anhtran/Downloads/phpcake/cakephpapp/webroot/index.php(37): Cake\Http\Server->run()
#13 {main}


2017-09-18 18:50:13 Error: [Cake\Routing\Exception\MissingControllerException] Controller class Src could not be found.
Exception Attributes: array (
  'class' => 'Src',
  'plugin' => false,
  'prefix' => false,
  '_ext' => false,
)
Request URL: /src/Template/Cars/main.ctp?XDEBUG_SESSION_START=netbeans-xdebug
Stack Trace:
#0 /Users/anhtran/Downloads/phpcake/cakephpapp/vendor/cakephp/cakephp/src/Http/ControllerFactory.php(72): Cake\Http\ControllerFactory->missingController(Object(Cake\Network\Request))
#1 /Users/anhtran/Downloads/phpcake/cakephpapp/vendor/cakephp/cakephp/src/Http/ActionDispatcher.php(92): Cake\Http\ControllerFactory->create(Object(Cake\Network\Request), Object(Cake\Network\Response))
#2 /Users/anhtran/Downloads/phpcake/cakephpapp/vendor/cakephp/cakephp/src/Http/BaseApplication.php(83): Cake\Http\ActionDispatcher->dispatch(Object(Cake\Network\Request), Object(Cake\Network\Response))
#3 /Users/anhtran/Downloads/phpcake/cakephpapp/vendor/cakephp/cakephp/src/Http/Runner.php(65): Cake\Http\BaseApplication->__invoke(Object(Zend\Diactoros\ServerRequest), Object(Zend\Diactoros\Response), Object(Cake\Http\Runner))
#4 /Users/anhtran/Downloads/phpcake/cakephpapp/vendor/cakephp/cakephp/src/Routing/Middleware/RoutingMiddleware.php(62): Cake\Http\Runner->__invoke(Object(Zend\Diactoros\ServerRequest), Object(Zend\Diactoros\Response))
#5 /Users/anhtran/Downloads/phpcake/cakephpapp/vendor/cakephp/cakephp/src/Http/Runner.php(65): Cake\Routing\Middleware\RoutingMiddleware->__invoke(Object(Zend\Diactoros\ServerRequest), Object(Zend\Diactoros\Response), Object(Cake\Http\Runner))
#6 /Users/anhtran/Downloads/phpcake/cakephpapp/vendor/cakephp/cakephp/src/Routing/Middleware/AssetMiddleware.php(93): Cake\Http\Runner->__invoke(Object(Zend\Diactoros\ServerRequest), Object(Zend\Diactoros\Response))
#7 /Users/anhtran/Downloads/phpcake/cakephpapp/vendor/cakephp/cakephp/src/Http/Runner.php(65): Cake\Routing\Middleware\AssetMiddleware->__invoke(Object(Zend\Diactoros\ServerRequest), Object(Zend\Diactoros\Response), Object(Cake\Http\Runner))
#8 /Users/anhtran/Downloads/phpcake/cakephpapp/vendor/cakephp/cakephp/src/Error/Middleware/ErrorHandlerMiddleware.php(81): Cake\Http\Runner->__invoke(Object(Zend\Diactoros\ServerRequest), Object(Zend\Diactoros\Response))
#9 /Users/anhtran/Downloads/phpcake/cakephpapp/vendor/cakephp/cakephp/src/Http/Runner.php(65): Cake\Error\Middleware\ErrorHandlerMiddleware->__invoke(Object(Zend\Diactoros\ServerRequest), Object(Zend\Diactoros\Response), Object(Cake\Http\Runner))
#10 /Users/anhtran/Downloads/phpcake/cakephpapp/vendor/cakephp/cakephp/src/Http/Runner.php(51): Cake\Http\Runner->__invoke(Object(Zend\Diactoros\ServerRequest), Object(Zend\Diactoros\Response))
#11 /Users/anhtran/Downloads/phpcake/cakephpapp/vendor/cakephp/cakephp/src/Http/Server.php(90): Cake\Http\Runner->run(Object(Cake\Http\MiddlewareQueue), Object(Zend\Diactoros\ServerRequest), Object(Zend\Diactoros\Response))
#12 /Users/anhtran/Downloads/phpcake/cakephpapp/webroot/index.php(37): Cake\Http\Server->run()
#13 {main}


2017-09-18 19:03:33 Error: [Cake\Routing\Exception\MissingControllerException] Controller class Webroot could not be found.
Exception Attributes: array (
  'class' => 'Webroot',
  'plugin' => false,
  'prefix' => false,
  '_ext' => false,
)
Request URL: /webroot/index.php
Stack Trace:
#0 /Users/anhtran/Downloads/phpcake/cakephpapp/vendor/cakephp/cakephp/src/Http/ControllerFactory.php(72): Cake\Http\ControllerFactory->missingController(Object(Cake\Network\Request))
#1 /Users/anhtran/Downloads/phpcake/cakephpapp/vendor/cakephp/cakephp/src/Http/ActionDispatcher.php(92): Cake\Http\ControllerFactory->create(Object(Cake\Network\Request), Object(Cake\Network\Response))
#2 /Users/anhtran/Downloads/phpcake/cakephpapp/vendor/cakephp/cakephp/src/Http/BaseApplication.php(83): Cake\Http\ActionDispatcher->dispatch(Object(Cake\Network\Request), Object(Cake\Network\Response))
#3 /Users/anhtran/Downloads/phpcake/cakephpapp/vendor/cakephp/cakephp/src/Http/Runner.php(65): Cake\Http\BaseApplication->__invoke(Object(Zend\Diactoros\ServerRequest), Object(Zend\Diactoros\Response), Object(Cake\Http\Runner))
#4 /Users/anhtran/Downloads/phpcake/cakephpapp/vendor/cakephp/cakephp/src/Routing/Middleware/RoutingMiddleware.php(62): Cake\Http\Runner->__invoke(Object(Zend\Diactoros\ServerRequest), Object(Zend\Diactoros\Response))
#5 /Users/anhtran/Downloads/phpcake/cakephpapp/vendor/cakephp/cakephp/src/Http/Runner.php(65): Cake\Routing\Middleware\RoutingMiddleware->__invoke(Object(Zend\Diactoros\ServerRequest), Object(Zend\Diactoros\Response), Object(Cake\Http\Runner))
#6 /Users/anhtran/Downloads/phpcake/cakephpapp/vendor/cakephp/cakephp/src/Routing/Middleware/AssetMiddleware.php(93): Cake\Http\Runner->__invoke(Object(Zend\Diactoros\ServerRequest), Object(Zend\Diactoros\Response))
#7 /Users/anhtran/Downloads/phpcake/cakephpapp/vendor/cakephp/cakephp/src/Http/Runner.php(65): Cake\Routing\Middleware\AssetMiddleware->__invoke(Object(Zend\Diactoros\ServerRequest), Object(Zend\Diactoros\Response), Object(Cake\Http\Runner))
#8 /Users/anhtran/Downloads/phpcake/cakephpapp/vendor/cakephp/cakephp/src/Error/Middleware/ErrorHandlerMiddleware.php(81): Cake\Http\Runner->__invoke(Object(Zend\Diactoros\ServerRequest), Object(Zend\Diactoros\Response))
#9 /Users/anhtran/Downloads/phpcake/cakephpapp/vendor/cakephp/cakephp/src/Http/Runner.php(65): Cake\Error\Middleware\ErrorHandlerMiddleware->__invoke(Object(Zend\Diactoros\ServerRequest), Object(Zend\Diactoros\Response), Object(Cake\Http\Runner))
#10 /Users/anhtran/Downloads/phpcake/cakephpapp/vendor/cakephp/cakephp/src/Http/Runner.php(51): Cake\Http\Runner->__invoke(Object(Zend\Diactoros\ServerRequest), Object(Zend\Diactoros\Response))
#11 /Users/anhtran/Downloads/phpcake/cakephpapp/vendor/cakephp/cakephp/src/Http/Server.php(90): Cake\Http\Runner->run(Object(Cake\Http\MiddlewareQueue), Object(Zend\Diactoros\ServerRequest), Object(Zend\Diactoros\Response))
#12 /Users/anhtran/Downloads/phpcake/cakephpapp/webroot/index.php(37): Cake\Http\Server->run()
#13 {main}


2017-09-18 19:05:12 Error: Fatal Error (1): Call to a member function setUser() on boolean in [/Users/anhtran/Downloads/phpcake/cakephpapp/src/Controller/CarsController.php, line 33]
Request URL: /cars/main
Referer URL: http://localhost/
Trace:
Cake\Error\BaseErrorHandler::handleFatalError() - CORE/src/Error/BaseErrorHandler.php, line 216
Cake\Error\BaseErrorHandler::Cake\Error\{closure}() - CORE/src/Error/BaseErrorHandler.php, line 98
[main] - [internal], line ??



2017-09-18 19:05:13 Warning: Headers already sent in /Users/anhtran/Downloads/phpcake/cakephpapp/src/Controller/CarsController.php:33
2017-09-18 19:05:13 Error: [Cake\Error\FatalErrorException] Call to a member function setUser() on boolean
Request URL: /cars/main
Referer URL: http://localhost/
Stack Trace:
#0 /Users/anhtran/Downloads/phpcake/cakephpapp/vendor/cakephp/cakephp/src/Error/BaseErrorHandler.php(98): Cake\Error\BaseErrorHandler->handleFatalError(1, 'Call to a membe...', '/Users/anhtran/...', 33)
#1 [internal function]: Cake\Error\BaseErrorHandler->Cake\Error\{closure}()
#2 {main}


2017-09-18 19:50:13 Error: [Cake\Routing\Exception\MissingControllerException] Controller class Carsd could not be found.
Exception Attributes: array (
  'class' => 'Carsd',
  'plugin' => false,
  'prefix' => false,
  '_ext' => false,
)
Request URL: /carsd/main
Stack Trace:
#0 /Users/anhtran/Downloads/phpcake/cakephpapp/vendor/cakephp/cakephp/src/Http/ControllerFactory.php(72): Cake\Http\ControllerFactory->missingController(Object(Cake\Network\Request))
#1 /Users/anhtran/Downloads/phpcake/cakephpapp/vendor/cakephp/cakephp/src/Http/ActionDispatcher.php(92): Cake\Http\ControllerFactory->create(Object(Cake\Network\Request), Object(Cake\Network\Response))
#2 /Users/anhtran/Downloads/phpcake/cakephpapp/vendor/cakephp/cakephp/src/Http/BaseApplication.php(83): Cake\Http\ActionDispatcher->dispatch(Object(Cake\Network\Request), Object(Cake\Network\Response))
#3 /Users/anhtran/Downloads/phpcake/cakephpapp/vendor/cakephp/cakephp/src/Http/Runner.php(65): Cake\Http\BaseApplication->__invoke(Object(Zend\Diactoros\ServerRequest), Object(Zend\Diactoros\Response), Object(Cake\Http\Runner))
#4 /Users/anhtran/Downloads/phpcake/cakephpapp/vendor/cakephp/cakephp/src/Routing/Middleware/RoutingMiddleware.php(62): Cake\Http\Runner->__invoke(Object(Zend\Diactoros\ServerRequest), Object(Zend\Diactoros\Response))
#5 /Users/anhtran/Downloads/phpcake/cakephpapp/vendor/cakephp/cakephp/src/Http/Runner.php(65): Cake\Routing\Middleware\RoutingMiddleware->__invoke(Object(Zend\Diactoros\ServerRequest), Object(Zend\Diactoros\Response), Object(Cake\Http\Runner))
#6 /Users/anhtran/Downloads/phpcake/cakephpapp/vendor/cakephp/cakephp/src/Routing/Middleware/AssetMiddleware.php(88): Cake\Http\Runner->__invoke(Object(Zend\Diactoros\ServerRequest), Object(Zend\Diactoros\Response))
#7 /Users/anhtran/Downloads/phpcake/cakephpapp/vendor/cakephp/cakephp/src/Http/Runner.php(65): Cake\Routing\Middleware\AssetMiddleware->__invoke(Object(Zend\Diactoros\ServerRequest), Object(Zend\Diactoros\Response), Object(Cake\Http\Runner))
#8 /Users/anhtran/Downloads/phpcake/cakephpapp/vendor/cakephp/cakephp/src/Error/Middleware/ErrorHandlerMiddleware.php(81): Cake\Http\Runner->__invoke(Object(Zend\Diactoros\ServerRequest), Object(Zend\Diactoros\Response))
#9 /Users/anhtran/Downloads/phpcake/cakephpapp/vendor/cakephp/cakephp/src/Http/Runner.php(65): Cake\Error\Middleware\ErrorHandlerMiddleware->__invoke(Object(Zend\Diactoros\ServerRequest), Object(Zend\Diactoros\Response), Object(Cake\Http\Runner))
#10 /Users/anhtran/Downloads/phpcake/cakephpapp/vendor/cakephp/cakephp/src/Http/Runner.php(51): Cake\Http\Runner->__invoke(Object(Zend\Diactoros\ServerRequest), Object(Zend\Diactoros\Response))
#11 /Users/anhtran/Downloads/phpcake/cakephpapp/vendor/cakephp/cakephp/src/Http/Server.php(90): Cake\Http\Runner->run(Object(Cake\Http\MiddlewareQueue), Object(Zend\Diactoros\ServerRequest), Object(Zend\Diactoros\Response))
#12 /Users/anhtran/Downloads/phpcake/cakephpapp/webroot/index.php(37): Cake\Http\Server->run()
#13 {main}


2017-09-19 03:35:20 Error: [Cake\Routing\Exception\MissingRouteException] A "GET" route matching "/" could not be found.
Exception Attributes: array (
  'method' => 'GET',
  'url' => '/',
)
Request URL: /
Stack Trace:
#0 /Users/anhtran/Downloads/phpcake/cakephpapp/vendor/cakephp/cakephp/src/Routing/Router.php(351): Cake\Routing\RouteCollection->parse('/', 'GET')
#1 /Users/anhtran/Downloads/phpcake/cakephpapp/vendor/cakephp/cakephp/src/Routing/Middleware/RoutingMiddleware.php(51): Cake\Routing\Router::parse('/', 'GET')
#2 /Users/anhtran/Downloads/phpcake/cakephpapp/vendor/cakephp/cakephp/src/Http/Runner.php(65): Cake\Routing\Middleware\RoutingMiddleware->__invoke(Object(Zend\Diactoros\ServerRequest), Object(Zend\Diactoros\Response), Object(Cake\Http\Runner))
#3 /Users/anhtran/Downloads/phpcake/cakephpapp/vendor/cakephp/cakephp/src/Routing/Middleware/AssetMiddleware.php(88): Cake\Http\Runner->__invoke(Object(Zend\Diactoros\ServerRequest), Object(Zend\Diactoros\Response))
#4 /Users/anhtran/Downloads/phpcake/cakephpapp/vendor/cakephp/cakephp/src/Http/Runner.php(65): Cake\Routing\Middleware\AssetMiddleware->__invoke(Object(Zend\Diactoros\ServerRequest), Object(Zend\Diactoros\Response), Object(Cake\Http\Runner))
#5 /Users/anhtran/Downloads/phpcake/cakephpapp/vendor/cakephp/cakephp/src/Error/Middleware/ErrorHandlerMiddleware.php(81): Cake\Http\Runner->__invoke(Object(Zend\Diactoros\ServerRequest), Object(Zend\Diactoros\Response))
#6 /Users/anhtran/Downloads/phpcake/cakephpapp/vendor/cakephp/cakephp/src/Http/Runner.php(65): Cake\Error\Middleware\ErrorHandlerMiddleware->__invoke(Object(Zend\Diactoros\ServerRequest), Object(Zend\Diactoros\Response), Object(Cake\Http\Runner))
#7 /Users/anhtran/Downloads/phpcake/cakephpapp/vendor/cakephp/cakephp/src/Http/Runner.php(51): Cake\Http\Runner->__invoke(Object(Zend\Diactoros\ServerRequest), Object(Zend\Diactoros\Response))
#8 /Users/anhtran/Downloads/phpcake/cakephpapp/vendor/cakephp/cakephp/src/Http/Server.php(90): Cake\Http\Runner->run(Object(Cake\Http\MiddlewareQueue), Object(Zend\Diactoros\ServerRequest), Object(Zend\Diactoros\Response))
#9 /Users/anhtran/Downloads/phpcake/cakephpapp/webroot/index.php(37): Cake\Http\Server->run()
#10 {main}


2017-09-19 03:36:00 Error: [BadMethodCallException] Unknown method "getAllProductsById"
Request URL: /cars/detail/2
Stack Trace:
#0 /Users/anhtran/Downloads/phpcake/cakephpapp/src/Controller/ProductsController.php(128): Cake\ORM\Table->__call('getAllProductsB...', Array)
#1 /Users/anhtran/Downloads/phpcake/cakephpapp/src/Controller/ProductsController.php(128): App\Model\Table\ProductsTable->getAllProductsById('2')
#2 /Users/anhtran/Downloads/phpcake/cakephpapp/src/Controller/CarsController.php(86): App\Controller\ProductsController->getAllProductsById('2')
#3 [internal function]: App\Controller\CarsController->detail('2')
#4 /Users/anhtran/Downloads/phpcake/cakephpapp/vendor/cakephp/cakephp/src/Controller/Controller.php(435): call_user_func_array(Array, Array)
#5 /Users/anhtran/Downloads/phpcake/cakephpapp/vendor/cakephp/cakephp/src/Http/ActionDispatcher.php(121): Cake\Controller\Controller->invokeAction()
#6 /Users/anhtran/Downloads/phpcake/cakephpapp/vendor/cakephp/cakephp/src/Http/ActionDispatcher.php(95): Cake\Http\ActionDispatcher->_invoke(Object(App\Controller\CarsController))
#7 /Users/anhtran/Downloads/phpcake/cakephpapp/vendor/cakephp/cakephp/src/Http/BaseApplication.php(83): Cake\Http\ActionDispatcher->dispatch(Object(Cake\Network\Request), Object(Cake\Network\Response))
#8 /Users/anhtran/Downloads/phpcake/cakephpapp/vendor/cakephp/cakephp/src/Http/Runner.php(65): Cake\Http\BaseApplication->__invoke(Object(Zend\Diactoros\ServerRequest), Object(Zend\Diactoros\Response), Object(Cake\Http\Runner))
#9 /Users/anhtran/Downloads/phpcake/cakephpapp/vendor/cakephp/cakephp/src/Routing/Middleware/RoutingMiddleware.php(62): Cake\Http\Runner->__invoke(Object(Zend\Diactoros\ServerRequest), Object(Zend\Diactoros\Response))
#10 /Users/anhtran/Downloads/phpcake/cakephpapp/vendor/cakephp/cakephp/src/Http/Runner.php(65): Cake\Routing\Middleware\RoutingMiddleware->__invoke(Object(Zend\Diactoros\ServerRequest), Object(Zend\Diactoros\Response), Object(Cake\Http\Runner))
#11 /Users/anhtran/Downloads/phpcake/cakephpapp/vendor/cakephp/cakephp/src/Routing/Middleware/AssetMiddleware.php(88): Cake\Http\Runner->__invoke(Object(Zend\Diactoros\ServerRequest), Object(Zend\Diactoros\Response))
#12 /Users/anhtran/Downloads/phpcake/cakephpapp/vendor/cakephp/cakephp/src/Http/Runner.php(65): Cake\Routing\Middleware\AssetMiddleware->__invoke(Object(Zend\Diactoros\ServerRequest), Object(Zend\Diactoros\Response), Object(Cake\Http\Runner))
#13 /Users/anhtran/Downloads/phpcake/cakephpapp/vendor/cakephp/cakephp/src/Error/Middleware/ErrorHandlerMiddleware.php(81): Cake\Http\Runner->__invoke(Object(Zend\Diactoros\ServerRequest), Object(Zend\Diactoros\Response))
#14 /Users/anhtran/Downloads/phpcake/cakephpapp/vendor/cakephp/cakephp/src/Http/Runner.php(65): Cake\Error\Middleware\ErrorHandlerMiddleware->__invoke(Object(Zend\Diactoros\ServerRequest), Object(Zend\Diactoros\Response), Object(Cake\Http\Runner))
#15 /Users/anhtran/Downloads/phpcake/cakephpapp/vendor/cakephp/cakephp/src/Http/Runner.php(51): Cake\Http\Runner->__invoke(Object(Zend\Diactoros\ServerRequest), Object(Zend\Diactoros\Response))
#16 /Users/anhtran/Downloads/phpcake/cakephpapp/vendor/cakephp/cakephp/src/Http/Server.php(90): Cake\Http\Runner->run(Object(Cake\Http\MiddlewareQueue), Object(Zend\Diactoros\ServerRequest), Object(Zend\Diactoros\Response))
#17 /Users/anhtran/Downloads/phpcake/cakephpapp/webroot/index.php(37): Cake\Http\Server->run()
#18 {main}


2017-09-19 03:36:05 Error: [BadMethodCallException] Unknown method "getAllProductsById"
Request URL: /cars/detail/1
Stack Trace:
#0 /Users/anhtran/Downloads/phpcake/cakephpapp/src/Controller/ProductsController.php(128): Cake\ORM\Table->__call('getAllProductsB...', Array)
#1 /Users/anhtran/Downloads/phpcake/cakephpapp/src/Controller/ProductsController.php(128): App\Model\Table\ProductsTable->getAllProductsById('1')
#2 /Users/anhtran/Downloads/phpcake/cakephpapp/src/Controller/CarsController.php(86): App\Controller\ProductsController->getAllProductsById('1')
#3 [internal function]: App\Controller\CarsController->detail('1')
#4 /Users/anhtran/Downloads/phpcake/cakephpapp/vendor/cakephp/cakephp/src/Controller/Controller.php(435): call_user_func_array(Array, Array)
#5 /Users/anhtran/Downloads/phpcake/cakephpapp/vendor/cakephp/cakephp/src/Http/ActionDispatcher.php(121): Cake\Controller\Controller->invokeAction()
#6 /Users/anhtran/Downloads/phpcake/cakephpapp/vendor/cakephp/cakephp/src/Http/ActionDispatcher.php(95): Cake\Http\ActionDispatcher->_invoke(Object(App\Controller\CarsController))
#7 /Users/anhtran/Downloads/phpcake/cakephpapp/vendor/cakephp/cakephp/src/Http/BaseApplication.php(83): Cake\Http\ActionDispatcher->dispatch(Object(Cake\Network\Request), Object(Cake\Network\Response))
#8 /Users/anhtran/Downloads/phpcake/cakephpapp/vendor/cakephp/cakephp/src/Http/Runner.php(65): Cake\Http\BaseApplication->__invoke(Object(Zend\Diactoros\ServerRequest), Object(Zend\Diactoros\Response), Object(Cake\Http\Runner))
#9 /Users/anhtran/Downloads/phpcake/cakephpapp/vendor/cakephp/cakephp/src/Routing/Middleware/RoutingMiddleware.php(62): Cake\Http\Runner->__invoke(Object(Zend\Diactoros\ServerRequest), Object(Zend\Diactoros\Response))
#10 /Users/anhtran/Downloads/phpcake/cakephpapp/vendor/cakephp/cakephp/src/Http/Runner.php(65): Cake\Routing\Middleware\RoutingMiddleware->__invoke(Object(Zend\Diactoros\ServerRequest), Object(Zend\Diactoros\Response), Object(Cake\Http\Runner))
#11 /Users/anhtran/Downloads/phpcake/cakephpapp/vendor/cakephp/cakephp/src/Routing/Middleware/AssetMiddleware.php(88): Cake\Http\Runner->__invoke(Object(Zend\Diactoros\ServerRequest), Object(Zend\Diactoros\Response))
#12 /Users/anhtran/Downloads/phpcake/cakephpapp/vendor/cakephp/cakephp/src/Http/Runner.php(65): Cake\Routing\Middleware\AssetMiddleware->__invoke(Object(Zend\Diactoros\ServerRequest), Object(Zend\Diactoros\Response), Object(Cake\Http\Runner))
#13 /Users/anhtran/Downloads/phpcake/cakephpapp/vendor/cakephp/cakephp/src/Error/Middleware/ErrorHandlerMiddleware.php(81): Cake\Http\Runner->__invoke(Object(Zend\Diactoros\ServerRequest), Object(Zend\Diactoros\Response))
#14 /Users/anhtran/Downloads/phpcake/cakephpapp/vendor/cakephp/cakephp/src/Http/Runner.php(65): Cake\Error\Middleware\ErrorHandlerMiddleware->__invoke(Object(Zend\Diactoros\ServerRequest), Object(Zend\Diactoros\Response), Object(Cake\Http\Runner))
#15 /Users/anhtran/Downloads/phpcake/cakephpapp/vendor/cakephp/cakephp/src/Http/Runner.php(51): Cake\Http\Runner->__invoke(Object(Zend\Diactoros\ServerRequest), Object(Zend\Diactoros\Response))
#16 /Users/anhtran/Downloads/phpcake/cakephpapp/vendor/cakephp/cakephp/src/Http/Server.php(90): Cake\Http\Runner->run(Object(Cake\Http\MiddlewareQueue), Object(Zend\Diactoros\ServerRequest), Object(Zend\Diactoros\Response))
#17 /Users/anhtran/Downloads/phpcake/cakephpapp/webroot/index.php(37): Cake\Http\Server->run()
#18 {main}


2017-09-19 04:09:41 Error: [Cake\Controller\Exception\MissingActionException] Action CarsController::register1() could not be found, or is not accessible.
Exception Attributes: array (
  'controller' => 'CarsController',
  'action' => 'register1',
  'prefix' => '',
  'plugin' => NULL,
)
Request URL: /cars/register
Stack Trace:
#0 /Users/anhtran/Downloads/phpcake/cakephpapp/vendor/cakephp/cakephp/src/Http/ActionDispatcher.php(121): Cake\Controller\Controller->invokeAction()
#1 /Users/anhtran/Downloads/phpcake/cakephpapp/vendor/cakephp/cakephp/src/Http/ActionDispatcher.php(95): Cake\Http\ActionDispatcher->_invoke(Object(App\Controller\CarsController))
#2 /Users/anhtran/Downloads/phpcake/cakephpapp/vendor/cakephp/cakephp/src/Http/BaseApplication.php(83): Cake\Http\ActionDispatcher->dispatch(Object(Cake\Network\Request), Object(Cake\Network\Response))
#3 /Users/anhtran/Downloads/phpcake/cakephpapp/vendor/cakephp/cakephp/src/Http/Runner.php(65): Cake\Http\BaseApplication->__invoke(Object(Zend\Diactoros\ServerRequest), Object(Zend\Diactoros\Response), Object(Cake\Http\Runner))
#4 /Users/anhtran/Downloads/phpcake/cakephpapp/vendor/cakephp/cakephp/src/Routing/Middleware/RoutingMiddleware.php(62): Cake\Http\Runner->__invoke(Object(Zend\Diactoros\ServerRequest), Object(Zend\Diactoros\Response))
#5 /Users/anhtran/Downloads/phpcake/cakephpapp/vendor/cakephp/cakephp/src/Http/Runner.php(65): Cake\Routing\Middleware\RoutingMiddleware->__invoke(Object(Zend\Diactoros\ServerRequest), Object(Zend\Diactoros\Response), Object(Cake\Http\Runner))
#6 /Users/anhtran/Downloads/phpcake/cakephpapp/vendor/cakephp/cakephp/src/Routing/Middleware/AssetMiddleware.php(88): Cake\Http\Runner->__invoke(Object(Zend\Diactoros\ServerRequest), Object(Zend\Diactoros\Response))
#7 /Users/anhtran/Downloads/phpcake/cakephpapp/vendor/cakephp/cakephp/src/Http/Runner.php(65): Cake\Routing\Middleware\AssetMiddleware->__invoke(Object(Zend\Diactoros\ServerRequest), Object(Zend\Diactoros\Response), Object(Cake\Http\Runner))
#8 /Users/anhtran/Downloads/phpcake/cakephpapp/vendor/cakephp/cakephp/src/Error/Middleware/ErrorHandlerMiddleware.php(81): Cake\Http\Runner->__invoke(Object(Zend\Diactoros\ServerRequest), Object(Zend\Diactoros\Response))
#9 /Users/anhtran/Downloads/phpcake/cakephpapp/vendor/cakephp/cakephp/src/Http/Runner.php(65): Cake\Error\Middleware\ErrorHandlerMiddleware->__invoke(Object(Zend\Diactoros\ServerRequest), Object(Zend\Diactoros\Response), Object(Cake\Http\Runner))
#10 /Users/anhtran/Downloads/phpcake/cakephpapp/vendor/cakephp/cakephp/src/Http/Runner.php(51): Cake\Http\Runner->__invoke(Object(Zend\Diactoros\ServerRequest), Object(Zend\Diactoros\Response))
#11 /Users/anhtran/Downloads/phpcake/cakephpapp/vendor/cakephp/cakephp/src/Http/Server.php(90): Cake\Http\Runner->run(Object(Cake\Http\MiddlewareQueue), Object(Zend\Diactoros\ServerRequest), Object(Zend\Diactoros\Response))
#12 /Users/anhtran/Downloads/phpcake/cakephpapp/webroot/index.php(37): Cake\Http\Server->run()
#13 {main}


2017-09-19 04:20:45 Error: [Cake\View\Exception\MissingTemplateException] Template file "Pages/main.ctp" is missing.
Exception Attributes: array (
  'file' => 'Pages/main.ctp',
)
Request URL: /
Stack Trace:
#0 /Users/anhtran/Downloads/phpcake/cakephpapp/vendor/cakephp/cakephp/src/View/View.php(593): Cake\View\View->_getViewFileName('main')
#1 /Users/anhtran/Downloads/phpcake/cakephpapp/vendor/cakephp/cakephp/src/Controller/Controller.php(617): Cake\View\View->render('main', NULL)
#2 /Users/anhtran/Downloads/phpcake/cakephpapp/src/Controller/PagesController.php(62): Cake\Controller\Controller->render('main')
#3 [internal function]: App\Controller\PagesController->display('main')
#4 /Users/anhtran/Downloads/phpcake/cakephpapp/vendor/cakephp/cakephp/src/Controller/Controller.php(435): call_user_func_array(Array, Array)
#5 /Users/anhtran/Downloads/phpcake/cakephpapp/vendor/cakephp/cakephp/src/Http/ActionDispatcher.php(121): Cake\Controller\Controller->invokeAction()
#6 /Users/anhtran/Downloads/phpcake/cakephpapp/vendor/cakephp/cakephp/src/Http/ActionDispatcher.php(95): Cake\Http\ActionDispatcher->_invoke(Object(App\Controller\PagesController))
#7 /Users/anhtran/Downloads/phpcake/cakephpapp/vendor/cakephp/cakephp/src/Http/BaseApplication.php(83): Cake\Http\ActionDispatcher->dispatch(Object(Cake\Network\Request), Object(Cake\Network\Response))
#8 /Users/anhtran/Downloads/phpcake/cakephpapp/vendor/cakephp/cakephp/src/Http/Runner.php(65): Cake\Http\BaseApplication->__invoke(Object(Zend\Diactoros\ServerRequest), Object(Zend\Diactoros\Response), Object(Cake\Http\Runner))
#9 /Users/anhtran/Downloads/phpcake/cakephpapp/vendor/cakephp/cakephp/src/Routing/Middleware/RoutingMiddleware.php(62): Cake\Http\Runner->__invoke(Object(Zend\Diactoros\ServerRequest), Object(Zend\Diactoros\Response))
#10 /Users/anhtran/Downloads/phpcake/cakephpapp/vendor/cakephp/cakephp/src/Http/Runner.php(65): Cake\Routing\Middleware\RoutingMiddleware->__invoke(Object(Zend\Diactoros\ServerRequest), Object(Zend\Diactoros\Response), Object(Cake\Http\Runner))
#11 /Users/anhtran/Downloads/phpcake/cakephpapp/vendor/cakephp/cakephp/src/Routing/Middleware/AssetMiddleware.php(88): Cake\Http\Runner->__invoke(Object(Zend\Diactoros\ServerRequest), Object(Zend\Diactoros\Response))
#12 /Users/anhtran/Downloads/phpcake/cakephpapp/vendor/cakephp/cakephp/src/Http/Runner.php(65): Cake\Routing\Middleware\AssetMiddleware->__invoke(Object(Zend\Diactoros\ServerRequest), Object(Zend\Diactoros\Response), Object(Cake\Http\Runner))
#13 /Users/anhtran/Downloads/phpcake/cakephpapp/vendor/cakephp/cakephp/src/Error/Middleware/ErrorHandlerMiddleware.php(81): Cake\Http\Runner->__invoke(Object(Zend\Diactoros\ServerRequest), Object(Zend\Diactoros\Response))
#14 /Users/anhtran/Downloads/phpcake/cakephpapp/vendor/cakephp/cakephp/src/Http/Runner.php(65): Cake\Error\Middleware\ErrorHandlerMiddleware->__invoke(Object(Zend\Diactoros\ServerRequest), Object(Zend\Diactoros\Response), Object(Cake\Http\Runner))
#15 /Users/anhtran/Downloads/phpcake/cakephpapp/vendor/cakephp/cakephp/src/Http/Runner.php(51): Cake\Http\Runner->__invoke(Object(Zend\Diactoros\ServerRequest), Object(Zend\Diactoros\Response))
#16 /Users/anhtran/Downloads/phpcake/cakephpapp/vendor/cakephp/cakephp/src/Http/Server.php(90): Cake\Http\Runner->run(Object(Cake\Http\MiddlewareQueue), Object(Zend\Diactoros\ServerRequest), Object(Zend\Diactoros\Response))
#17 /Users/anhtran/Downloads/phpcake/cakephpapp/webroot/index.php(37): Cake\Http\Server->run()
#18 {main}


2017-09-19 04:21:04 Error: [Cake\View\Exception\MissingTemplateException] Template file "Pages/main.ctp" is missing.
Exception Attributes: array (
  'file' => 'Pages/main.ctp',
)
Request URL: /
Stack Trace:
#0 /Users/anhtran/Downloads/phpcake/cakephpapp/vendor/cakephp/cakephp/src/View/View.php(593): Cake\View\View->_getViewFileName('main')
#1 /Users/anhtran/Downloads/phpcake/cakephpapp/vendor/cakephp/cakephp/src/Controller/Controller.php(617): Cake\View\View->render('main', NULL)
#2 /Users/anhtran/Downloads/phpcake/cakephpapp/src/Controller/PagesController.php(62): Cake\Controller\Controller->render('main')
#3 [internal function]: App\Controller\PagesController->display('main')
#4 /Users/anhtran/Downloads/phpcake/cakephpapp/vendor/cakephp/cakephp/src/Controller/Controller.php(435): call_user_func_array(Array, Array)
#5 /Users/anhtran/Downloads/phpcake/cakephpapp/vendor/cakephp/cakephp/src/Http/ActionDispatcher.php(121): Cake\Controller\Controller->invokeAction()
#6 /Users/anhtran/Downloads/phpcake/cakephpapp/vendor/cakephp/cakephp/src/Http/ActionDispatcher.php(95): Cake\Http\ActionDispatcher->_invoke(Object(App\Controller\PagesController))
#7 /Users/anhtran/Downloads/phpcake/cakephpapp/vendor/cakephp/cakephp/src/Http/BaseApplication.php(83): Cake\Http\ActionDispatcher->dispatch(Object(Cake\Network\Request), Object(Cake\Network\Response))
#8 /Users/anhtran/Downloads/phpcake/cakephpapp/vendor/cakephp/cakephp/src/Http/Runner.php(65): Cake\Http\BaseApplication->__invoke(Object(Zend\Diactoros\ServerRequest), Object(Zend\Diactoros\Response), Object(Cake\Http\Runner))
#9 /Users/anhtran/Downloads/phpcake/cakephpapp/vendor/cakephp/cakephp/src/Routing/Middleware/RoutingMiddleware.php(62): Cake\Http\Runner->__invoke(Object(Zend\Diactoros\ServerRequest), Object(Zend\Diactoros\Response))
#10 /Users/anhtran/Downloads/phpcake/cakephpapp/vendor/cakephp/cakephp/src/Http/Runner.php(65): Cake\Routing\Middleware\RoutingMiddleware->__invoke(Object(Zend\Diactoros\ServerRequest), Object(Zend\Diactoros\Response), Object(Cake\Http\Runner))
#11 /Users/anhtran/Downloads/phpcake/cakephpapp/vendor/cakephp/cakephp/src/Routing/Middleware/AssetMiddleware.php(88): Cake\Http\Runner->__invoke(Object(Zend\Diactoros\ServerRequest), Object(Zend\Diactoros\Response))
#12 /Users/anhtran/Downloads/phpcake/cakephpapp/vendor/cakephp/cakephp/src/Http/Runner.php(65): Cake\Routing\Middleware\AssetMiddleware->__invoke(Object(Zend\Diactoros\ServerRequest), Object(Zend\Diactoros\Response), Object(Cake\Http\Runner))
#13 /Users/anhtran/Downloads/phpcake/cakephpapp/vendor/cakephp/cakephp/src/Error/Middleware/ErrorHandlerMiddleware.php(81): Cake\Http\Runner->__invoke(Object(Zend\Diactoros\ServerRequest), Object(Zend\Diactoros\Response))
#14 /Users/anhtran/Downloads/phpcake/cakephpapp/vendor/cakephp/cakephp/src/Http/Runner.php(65): Cake\Error\Middleware\ErrorHandlerMiddleware->__invoke(Object(Zend\Diactoros\ServerRequest), Object(Zend\Diactoros\Response), Object(Cake\Http\Runner))
#15 /Users/anhtran/Downloads/phpcake/cakephpapp/vendor/cakephp/cakephp/src/Http/Runner.php(51): Cake\Http\Runner->__invoke(Object(Zend\Diactoros\ServerRequest), Object(Zend\Diactoros\Response))
#16 /Users/anhtran/Downloads/phpcake/cakephpapp/vendor/cakephp/cakephp/src/Http/Server.php(90): Cake\Http\Runner->run(Object(Cake\Http\MiddlewareQueue), Object(Zend\Diactoros\ServerRequest), Object(Zend\Diactoros\Response))
#17 /Users/anhtran/Downloads/phpcake/cakephpapp/webroot/index.php(37): Cake\Http\Server->run()
#18 {main}


2017-09-19 04:44:17 Error: [Cake\Routing\Exception\MissingRouteException] A "GET" route matching "/" could not be found.
Exception Attributes: array (
  'method' => 'GET',
  'url' => '/',
)
Request URL: /
Stack Trace:
#0 /Users/anhtran/Downloads/phpcake/cakephpapp/vendor/cakephp/cakephp/src/Routing/Router.php(351): Cake\Routing\RouteCollection->parse('/', 'GET')
#1 /Users/anhtran/Downloads/phpcake/cakephpapp/vendor/cakephp/cakephp/src/Routing/Middleware/RoutingMiddleware.php(51): Cake\Routing\Router::parse('/', 'GET')
#2 /Users/anhtran/Downloads/phpcake/cakephpapp/vendor/cakephp/cakephp/src/Http/Runner.php(65): Cake\Routing\Middleware\RoutingMiddleware->__invoke(Object(Zend\Diactoros\ServerRequest), Object(Zend\Diactoros\Response), Object(Cake\Http\Runner))
#3 /Users/anhtran/Downloads/phpcake/cakephpapp/vendor/cakephp/cakephp/src/Routing/Middleware/AssetMiddleware.php(88): Cake\Http\Runner->__invoke(Object(Zend\Diactoros\ServerRequest), Object(Zend\Diactoros\Response))
#4 /Users/anhtran/Downloads/phpcake/cakephpapp/vendor/cakephp/cakephp/src/Http/Runner.php(65): Cake\Routing\Middleware\AssetMiddleware->__invoke(Object(Zend\Diactoros\ServerRequest), Object(Zend\Diactoros\Response), Object(Cake\Http\Runner))
#5 /Users/anhtran/Downloads/phpcake/cakephpapp/vendor/cakephp/cakephp/src/Error/Middleware/ErrorHandlerMiddleware.php(81): Cake\Http\Runner->__invoke(Object(Zend\Diactoros\ServerRequest), Object(Zend\Diactoros\Response))
#6 /Users/anhtran/Downloads/phpcake/cakephpapp/vendor/cakephp/cakephp/src/Http/Runner.php(65): Cake\Error\Middleware\ErrorHandlerMiddleware->__invoke(Object(Zend\Diactoros\ServerRequest), Object(Zend\Diactoros\Response), Object(Cake\Http\Runner))
#7 /Users/anhtran/Downloads/phpcake/cakephpapp/vendor/cakephp/cakephp/src/Http/Runner.php(51): Cake\Http\Runner->__invoke(Object(Zend\Diactoros\ServerRequest), Object(Zend\Diactoros\Response))
#8 /Users/anhtran/Downloads/phpcake/cakephpapp/vendor/cakephp/cakephp/src/Http/Server.php(90): Cake\Http\Runner->run(Object(Cake\Http\MiddlewareQueue), Object(Zend\Diactoros\ServerRequest), Object(Zend\Diactoros\Response))
#9 /Users/anhtran/Downloads/phpcake/cakephpapp/webroot/index.php(37): Cake\Http\Server->run()
#10 {main}


2017-09-19 04:45:08 Error: [Cake\Controller\Exception\MissingActionException] Action CarsController::index() could not be found, or is not accessible.
Exception Attributes: array (
  'controller' => 'CarsController',
  'action' => 'index',
  'prefix' => '',
  'plugin' => NULL,
)
Request URL: /cars
Stack Trace:
#0 /Users/anhtran/Downloads/phpcake/cakephpapp/vendor/cakephp/cakephp/src/Http/ActionDispatcher.php(121): Cake\Controller\Controller->invokeAction()
#1 /Users/anhtran/Downloads/phpcake/cakephpapp/vendor/cakephp/cakephp/src/Http/ActionDispatcher.php(95): Cake\Http\ActionDispatcher->_invoke(Object(App\Controller\CarsController))
#2 /Users/anhtran/Downloads/phpcake/cakephpapp/vendor/cakephp/cakephp/src/Http/BaseApplication.php(83): Cake\Http\ActionDispatcher->dispatch(Object(Cake\Network\Request), Object(Cake\Network\Response))
#3 /Users/anhtran/Downloads/phpcake/cakephpapp/vendor/cakephp/cakephp/src/Http/Runner.php(65): Cake\Http\BaseApplication->__invoke(Object(Zend\Diactoros\ServerRequest), Object(Zend\Diactoros\Response), Object(Cake\Http\Runner))
#4 /Users/anhtran/Downloads/phpcake/cakephpapp/vendor/cakephp/cakephp/src/Routing/Middleware/RoutingMiddleware.php(62): Cake\Http\Runner->__invoke(Object(Zend\Diactoros\ServerRequest), Object(Zend\Diactoros\Response))
#5 /Users/anhtran/Downloads/phpcake/cakephpapp/vendor/cakephp/cakephp/src/Http/Runner.php(65): Cake\Routing\Middleware\RoutingMiddleware->__invoke(Object(Zend\Diactoros\ServerRequest), Object(Zend\Diactoros\Response), Object(Cake\Http\Runner))
#6 /Users/anhtran/Downloads/phpcake/cakephpapp/vendor/cakephp/cakephp/src/Routing/Middleware/AssetMiddleware.php(88): Cake\Http\Runner->__invoke(Object(Zend\Diactoros\ServerRequest), Object(Zend\Diactoros\Response))
#7 /Users/anhtran/Downloads/phpcake/cakephpapp/vendor/cakephp/cakephp/src/Http/Runner.php(65): Cake\Routing\Middleware\AssetMiddleware->__invoke(Object(Zend\Diactoros\ServerRequest), Object(Zend\Diactoros\Response), Object(Cake\Http\Runner))
#8 /Users/anhtran/Downloads/phpcake/cakephpapp/vendor/cakephp/cakephp/src/Error/Middleware/ErrorHandlerMiddleware.php(81): Cake\Http\Runner->__invoke(Object(Zend\Diactoros\ServerRequest), Object(Zend\Diactoros\Response))
#9 /Users/anhtran/Downloads/phpcake/cakephpapp/vendor/cakephp/cakephp/src/Http/Runner.php(65): Cake\Error\Middleware\ErrorHandlerMiddleware->__invoke(Object(Zend\Diactoros\ServerRequest), Object(Zend\Diactoros\Response), Object(Cake\Http\Runner))
#10 /Users/anhtran/Downloads/phpcake/cakephpapp/vendor/cakephp/cakephp/src/Http/Runner.php(51): Cake\Http\Runner->__invoke(Object(Zend\Diactoros\ServerRequest), Object(Zend\Diactoros\Response))
#11 /Users/anhtran/Downloads/phpcake/cakephpapp/vendor/cakephp/cakephp/src/Http/Server.php(90): Cake\Http\Runner->run(Object(Cake\Http\MiddlewareQueue), Object(Zend\Diactoros\ServerRequest), Object(Zend\Diactoros\Response))
#12 /Users/anhtran/Downloads/phpcake/cakephpapp/webroot/index.php(37): Cake\Http\Server->run()
#13 {main}


2017-09-19 04:46:01 Error: [Cake\Routing\Exception\MissingRouteException] A "GET" route matching "/" could not be found.
Exception Attributes: array (
  'method' => 'GET',
  'url' => '/',
)
Request URL: /
Stack Trace:
#0 /Users/anhtran/Downloads/phpcake/cakephpapp/vendor/cakephp/cakephp/src/Routing/Router.php(351): Cake\Routing\RouteCollection->parse('/', 'GET')
#1 /Users/anhtran/Downloads/phpcake/cakephpapp/vendor/cakephp/cakephp/src/Routing/Middleware/RoutingMiddleware.php(51): Cake\Routing\Router::parse('/', 'GET')
#2 /Users/anhtran/Downloads/phpcake/cakephpapp/vendor/cakephp/cakephp/src/Http/Runner.php(65): Cake\Routing\Middleware\RoutingMiddleware->__invoke(Object(Zend\Diactoros\ServerRequest), Object(Zend\Diactoros\Response), Object(Cake\Http\Runner))
#3 /Users/anhtran/Downloads/phpcake/cakephpapp/vendor/cakephp/cakephp/src/Routing/Middleware/AssetMiddleware.php(88): Cake\Http\Runner->__invoke(Object(Zend\Diactoros\ServerRequest), Object(Zend\Diactoros\Response))
#4 /Users/anhtran/Downloads/phpcake/cakephpapp/vendor/cakephp/cakephp/src/Http/Runner.php(65): Cake\Routing\Middleware\AssetMiddleware->__invoke(Object(Zend\Diactoros\ServerRequest), Object(Zend\Diactoros\Response), Object(Cake\Http\Runner))
#5 /Users/anhtran/Downloads/phpcake/cakephpapp/vendor/cakephp/cakephp/src/Error/Middleware/ErrorHandlerMiddleware.php(81): Cake\Http\Runner->__invoke(Object(Zend\Diactoros\ServerRequest), Object(Zend\Diactoros\Response))
#6 /Users/anhtran/Downloads/phpcake/cakephpapp/vendor/cakephp/cakephp/src/Http/Runner.php(65): Cake\Error\Middleware\ErrorHandlerMiddleware->__invoke(Object(Zend\Diactoros\ServerRequest), Object(Zend\Diactoros\Response), Object(Cake\Http\Runner))
#7 /Users/anhtran/Downloads/phpcake/cakephpapp/vendor/cakephp/cakephp/src/Http/Runner.php(51): Cake\Http\Runner->__invoke(Object(Zend\Diactoros\ServerRequest), Object(Zend\Diactoros\Response))
#8 /Users/anhtran/Downloads/phpcake/cakephpapp/vendor/cakephp/cakephp/src/Http/Server.php(90): Cake\Http\Runner->run(Object(Cake\Http\MiddlewareQueue), Object(Zend\Diactoros\ServerRequest), Object(Zend\Diactoros\Response))
#9 /Users/anhtran/Downloads/phpcake/cakephpapp/webroot/index.php(37): Cake\Http\Server->run()
#10 {main}


2017-09-19 04:46:13 Error: [Cake\Controller\Exception\MissingActionException] Action CarsController::index() could not be found, or is not accessible.
Exception Attributes: array (
  'controller' => 'CarsController',
  'action' => 'index',
  'prefix' => '',
  'plugin' => NULL,
)
Request URL: /cars
Stack Trace:
#0 /Users/anhtran/Downloads/phpcake/cakephpapp/vendor/cakephp/cakephp/src/Http/ActionDispatcher.php(121): Cake\Controller\Controller->invokeAction()
#1 /Users/anhtran/Downloads/phpcake/cakephpapp/vendor/cakephp/cakephp/src/Http/ActionDispatcher.php(95): Cake\Http\ActionDispatcher->_invoke(Object(App\Controller\CarsController))
#2 /Users/anhtran/Downloads/phpcake/cakephpapp/vendor/cakephp/cakephp/src/Http/BaseApplication.php(83): Cake\Http\ActionDispatcher->dispatch(Object(Cake\Network\Request), Object(Cake\Network\Response))
#3 /Users/anhtran/Downloads/phpcake/cakephpapp/vendor/cakephp/cakephp/src/Http/Runner.php(65): Cake\Http\BaseApplication->__invoke(Object(Zend\Diactoros\ServerRequest), Object(Zend\Diactoros\Response), Object(Cake\Http\Runner))
#4 /Users/anhtran/Downloads/phpcake/cakephpapp/vendor/cakephp/cakephp/src/Routing/Middleware/RoutingMiddleware.php(62): Cake\Http\Runner->__invoke(Object(Zend\Diactoros\ServerRequest), Object(Zend\Diactoros\Response))
#5 /Users/anhtran/Downloads/phpcake/cakephpapp/vendor/cakephp/cakephp/src/Http/Runner.php(65): Cake\Routing\Middleware\RoutingMiddleware->__invoke(Object(Zend\Diactoros\ServerRequest), Object(Zend\Diactoros\Response), Object(Cake\Http\Runner))
#6 /Users/anhtran/Downloads/phpcake/cakephpapp/vendor/cakephp/cakephp/src/Routing/Middleware/AssetMiddleware.php(88): Cake\Http\Runner->__invoke(Object(Zend\Diactoros\ServerRequest), Object(Zend\Diactoros\Response))
#7 /Users/anhtran/Downloads/phpcake/cakephpapp/vendor/cakephp/cakephp/src/Http/Runner.php(65): Cake\Routing\Middleware\AssetMiddleware->__invoke(Object(Zend\Diactoros\ServerRequest), Object(Zend\Diactoros\Response), Object(Cake\Http\Runner))
#8 /Users/anhtran/Downloads/phpcake/cakephpapp/vendor/cakephp/cakephp/src/Error/Middleware/ErrorHandlerMiddleware.php(81): Cake\Http\Runner->__invoke(Object(Zend\Diactoros\ServerRequest), Object(Zend\Diactoros\Response))
#9 /Users/anhtran/Downloads/phpcake/cakephpapp/vendor/cakephp/cakephp/src/Http/Runner.php(65): Cake\Error\Middleware\ErrorHandlerMiddleware->__invoke(Object(Zend\Diactoros\ServerRequest), Object(Zend\Diactoros\Response), Object(Cake\Http\Runner))
#10 /Users/anhtran/Downloads/phpcake/cakephpapp/vendor/cakephp/cakephp/src/Http/Runner.php(51): Cake\Http\Runner->__invoke(Object(Zend\Diactoros\ServerRequest), Object(Zend\Diactoros\Response))
#11 /Users/anhtran/Downloads/phpcake/cakephpapp/vendor/cakephp/cakephp/src/Http/Server.php(90): Cake\Http\Runner->run(Object(Cake\Http\MiddlewareQueue), Object(Zend\Diactoros\ServerRequest), Object(Zend\Diactoros\Response))
#12 /Users/anhtran/Downloads/phpcake/cakephpapp/webroot/index.php(37): Cake\Http\Server->run()
#13 {main}


2017-09-19 21:07:10 Error: [Cake\Controller\Exception\MissingActionException] Action CarsController::mai() could not be found, or is not accessible.
Exception Attributes: array (
  'controller' => 'CarsController',
  'action' => 'mai',
  'prefix' => '',
  'plugin' => NULL,
)
Request URL: /cars/mai
Stack Trace:
#0 /Users/anhtran/Downloads/phpcake/cakephpapp/vendor/cakephp/cakephp/src/Http/ActionDispatcher.php(121): Cake\Controller\Controller->invokeAction()
#1 /Users/anhtran/Downloads/phpcake/cakephpapp/vendor/cakephp/cakephp/src/Http/ActionDispatcher.php(95): Cake\Http\ActionDispatcher->_invoke(Object(App\Controller\CarsController))
#2 /Users/anhtran/Downloads/phpcake/cakephpapp/vendor/cakephp/cakephp/src/Http/BaseApplication.php(83): Cake\Http\ActionDispatcher->dispatch(Object(Cake\Network\Request), Object(Cake\Network\Response))
#3 /Users/anhtran/Downloads/phpcake/cakephpapp/vendor/cakephp/cakephp/src/Http/Runner.php(65): Cake\Http\BaseApplication->__invoke(Object(Zend\Diactoros\ServerRequest), Object(Zend\Diactoros\Response), Object(Cake\Http\Runner))
#4 /Users/anhtran/Downloads/phpcake/cakephpapp/vendor/cakephp/cakephp/src/Routing/Middleware/RoutingMiddleware.php(62): Cake\Http\Runner->__invoke(Object(Zend\Diactoros\ServerRequest), Object(Zend\Diactoros\Response))
#5 /Users/anhtran/Downloads/phpcake/cakephpapp/vendor/cakephp/cakephp/src/Http/Runner.php(65): Cake\Routing\Middleware\RoutingMiddleware->__invoke(Object(Zend\Diactoros\ServerRequest), Object(Zend\Diactoros\Response), Object(Cake\Http\Runner))
#6 /Users/anhtran/Downloads/phpcake/cakephpapp/vendor/cakephp/cakephp/src/Routing/Middleware/AssetMiddleware.php(88): Cake\Http\Runner->__invoke(Object(Zend\Diactoros\ServerRequest), Object(Zend\Diactoros\Response))
#7 /Users/anhtran/Downloads/phpcake/cakephpapp/vendor/cakephp/cakephp/src/Http/Runner.php(65): Cake\Routing\Middleware\AssetMiddleware->__invoke(Object(Zend\Diactoros\ServerRequest), Object(Zend\Diactoros\Response), Object(Cake\Http\Runner))
#8 /Users/anhtran/Downloads/phpcake/cakephpapp/vendor/cakephp/cakephp/src/Error/Middleware/ErrorHandlerMiddleware.php(81): Cake\Http\Runner->__invoke(Object(Zend\Diactoros\ServerRequest), Object(Zend\Diactoros\Response))
#9 /Users/anhtran/Downloads/phpcake/cakephpapp/vendor/cakephp/cakephp/src/Http/Runner.php(65): Cake\Error\Middleware\ErrorHandlerMiddleware->__invoke(Object(Zend\Diactoros\ServerRequest), Object(Zend\Diactoros\Response), Object(Cake\Http\Runner))
#10 /Users/anhtran/Downloads/phpcake/cakephpapp/vendor/cakephp/cakephp/src/Http/Runner.php(51): Cake\Http\Runner->__invoke(Object(Zend\Diactoros\ServerRequest), Object(Zend\Diactoros\Response))
#11 /Users/anhtran/Downloads/phpcake/cakephpapp/vendor/cakephp/cakephp/src/Http/Server.php(90): Cake\Http\Runner->run(Object(Cake\Http\MiddlewareQueue), Object(Zend\Diactoros\ServerRequest), Object(Zend\Diactoros\Response))
#12 /Users/anhtran/Downloads/phpcake/cakephpapp/webroot/index.php(37): Cake\Http\Server->run()
#13 {main}


2017-09-19 21:07:49 Error: [Cake\Controller\Exception\MissingActionException] Action CarsController::mai() could not be found, or is not accessible.
Request URL: /cars/mai
Stack Trace:
#0 /Users/anhtran/Downloads/phpcake/cakephpapp/vendor/cakephp/cakephp/src/Http/ActionDispatcher.php(121): Cake\Controller\Controller->invokeAction()
#1 /Users/anhtran/Downloads/phpcake/cakephpapp/vendor/cakephp/cakephp/src/Http/ActionDispatcher.php(95): Cake\Http\ActionDispatcher->_invoke(Object(App\Controller\CarsController))
#2 /Users/anhtran/Downloads/phpcake/cakephpapp/vendor/cakephp/cakephp/src/Http/BaseApplication.php(83): Cake\Http\ActionDispatcher->dispatch(Object(Cake\Network\Request), Object(Cake\Network\Response))
#3 /Users/anhtran/Downloads/phpcake/cakephpapp/vendor/cakephp/cakephp/src/Http/Runner.php(65): Cake\Http\BaseApplication->__invoke(Object(Zend\Diactoros\ServerRequest), Object(Zend\Diactoros\Response), Object(Cake\Http\Runner))
#4 /Users/anhtran/Downloads/phpcake/cakephpapp/vendor/cakephp/cakephp/src/Routing/Middleware/RoutingMiddleware.php(62): Cake\Http\Runner->__invoke(Object(Zend\Diactoros\ServerRequest), Object(Zend\Diactoros\Response))
#5 /Users/anhtran/Downloads/phpcake/cakephpapp/vendor/cakephp/cakephp/src/Http/Runner.php(65): Cake\Routing\Middleware\RoutingMiddleware->__invoke(Object(Zend\Diactoros\ServerRequest), Object(Zend\Diactoros\Response), Object(Cake\Http\Runner))
#6 /Users/anhtran/Downloads/phpcake/cakephpapp/vendor/cakephp/cakephp/src/Routing/Middleware/AssetMiddleware.php(88): Cake\Http\Runner->__invoke(Object(Zend\Diactoros\ServerRequest), Object(Zend\Diactoros\Response))
#7 /Users/anhtran/Downloads/phpcake/cakephpapp/vendor/cakephp/cakephp/src/Http/Runner.php(65): Cake\Routing\Middleware\AssetMiddleware->__invoke(Object(Zend\Diactoros\ServerRequest), Object(Zend\Diactoros\Response), Object(Cake\Http\Runner))
#8 /Users/anhtran/Downloads/phpcake/cakephpapp/vendor/cakephp/cakephp/src/Error/Middleware/ErrorHandlerMiddleware.php(81): Cake\Http\Runner->__invoke(Object(Zend\Diactoros\ServerRequest), Object(Zend\Diactoros\Response))
#9 /Users/anhtran/Downloads/phpcake/cakephpapp/vendor/cakephp/cakephp/src/Http/Runner.php(65): Cake\Error\Middleware\ErrorHandlerMiddleware->__invoke(Object(Zend\Diactoros\ServerRequest), Object(Zend\Diactoros\Response), Object(Cake\Http\Runner))
#10 /Users/anhtran/Downloads/phpcake/cakephpapp/vendor/cakephp/cakephp/src/Http/Runner.php(51): Cake\Http\Runner->__invoke(Object(Zend\Diactoros\ServerRequest), Object(Zend\Diactoros\Response))
#11 /Users/anhtran/Downloads/phpcake/cakephpapp/vendor/cakephp/cakephp/src/Http/Server.php(90): Cake\Http\Runner->run(Object(Cake\Http\MiddlewareQueue), Object(Zend\Diactoros\ServerRequest), Object(Zend\Diactoros\Response))
#12 /Users/anhtran/Downloads/phpcake/cakephpapp/webroot/index.php(37): Cake\Http\Server->run()
#13 {main}


2017-09-19 21:08:02 Error: [Cake\Controller\Exception\MissingActionException] Action CarsController::index() could not be found, or is not accessible.
Request URL: /cars
Stack Trace:
#0 /Users/anhtran/Downloads/phpcake/cakephpapp/vendor/cakephp/cakephp/src/Http/ActionDispatcher.php(121): Cake\Controller\Controller->invokeAction()
#1 /Users/anhtran/Downloads/phpcake/cakephpapp/vendor/cakephp/cakephp/src/Http/ActionDispatcher.php(95): Cake\Http\ActionDispatcher->_invoke(Object(App\Controller\CarsController))
#2 /Users/anhtran/Downloads/phpcake/cakephpapp/vendor/cakephp/cakephp/src/Http/BaseApplication.php(83): Cake\Http\ActionDispatcher->dispatch(Object(Cake\Network\Request), Object(Cake\Network\Response))
#3 /Users/anhtran/Downloads/phpcake/cakephpapp/vendor/cakephp/cakephp/src/Http/Runner.php(65): Cake\Http\BaseApplication->__invoke(Object(Zend\Diactoros\ServerRequest), Object(Zend\Diactoros\Response), Object(Cake\Http\Runner))
#4 /Users/anhtran/Downloads/phpcake/cakephpapp/vendor/cakephp/cakephp/src/Routing/Middleware/RoutingMiddleware.php(62): Cake\Http\Runner->__invoke(Object(Zend\Diactoros\ServerRequest), Object(Zend\Diactoros\Response))
#5 /Users/anhtran/Downloads/phpcake/cakephpapp/vendor/cakephp/cakephp/src/Http/Runner.php(65): Cake\Routing\Middleware\RoutingMiddleware->__invoke(Object(Zend\Diactoros\ServerRequest), Object(Zend\Diactoros\Response), Object(Cake\Http\Runner))
#6 /Users/anhtran/Downloads/phpcake/cakephpapp/vendor/cakephp/cakephp/src/Routing/Middleware/AssetMiddleware.php(88): Cake\Http\Runner->__invoke(Object(Zend\Diactoros\ServerRequest), Object(Zend\Diactoros\Response))
#7 /Users/anhtran/Downloads/phpcake/cakephpapp/vendor/cakephp/cakephp/src/Http/Runner.php(65): Cake\Routing\Middleware\AssetMiddleware->__invoke(Object(Zend\Diactoros\ServerRequest), Object(Zend\Diactoros\Response), Object(Cake\Http\Runner))
#8 /Users/anhtran/Downloads/phpcake/cakephpapp/vendor/cakephp/cakephp/src/Error/Middleware/ErrorHandlerMiddleware.php(81): Cake\Http\Runner->__invoke(Object(Zend\Diactoros\ServerRequest), Object(Zend\Diactoros\Response))
#9 /Users/anhtran/Downloads/phpcake/cakephpapp/vendor/cakephp/cakephp/src/Http/Runner.php(65): Cake\Error\Middleware\ErrorHandlerMiddleware->__invoke(Object(Zend\Diactoros\ServerRequest), Object(Zend\Diactoros\Response), Object(Cake\Http\Runner))
#10 /Users/anhtran/Downloads/phpcake/cakephpapp/vendor/cakephp/cakephp/src/Http/Runner.php(51): Cake\Http\Runner->__invoke(Object(Zend\Diactoros\ServerRequest), Object(Zend\Diactoros\Response))
#11 /Users/anhtran/Downloads/phpcake/cakephpapp/vendor/cakephp/cakephp/src/Http/Server.php(90): Cake\Http\Runner->run(Object(Cake\Http\MiddlewareQueue), Object(Zend\Diactoros\ServerRequest), Object(Zend\Diactoros\Response))
#12 /Users/anhtran/Downloads/phpcake/cakephpapp/webroot/index.php(37): Cake\Http\Server->run()
#13 {main}


2017-09-19 21:08:11 Error: [Cake\Controller\Exception\MissingActionException] Action CarsController::index() could not be found, or is not accessible.
Request URL: /cars
Stack Trace:
#0 /Users/anhtran/Downloads/phpcake/cakephpapp/vendor/cakephp/cakephp/src/Http/ActionDispatcher.php(121): Cake\Controller\Controller->invokeAction()
#1 /Users/anhtran/Downloads/phpcake/cakephpapp/vendor/cakephp/cakephp/src/Http/ActionDispatcher.php(95): Cake\Http\ActionDispatcher->_invoke(Object(App\Controller\CarsController))
#2 /Users/anhtran/Downloads/phpcake/cakephpapp/vendor/cakephp/cakephp/src/Http/BaseApplication.php(83): Cake\Http\ActionDispatcher->dispatch(Object(Cake\Network\Request), Object(Cake\Network\Response))
#3 /Users/anhtran/Downloads/phpcake/cakephpapp/vendor/cakephp/cakephp/src/Http/Runner.php(65): Cake\Http\BaseApplication->__invoke(Object(Zend\Diactoros\ServerRequest), Object(Zend\Diactoros\Response), Object(Cake\Http\Runner))
#4 /Users/anhtran/Downloads/phpcake/cakephpapp/vendor/cakephp/cakephp/src/Routing/Middleware/RoutingMiddleware.php(62): Cake\Http\Runner->__invoke(Object(Zend\Diactoros\ServerRequest), Object(Zend\Diactoros\Response))
#5 /Users/anhtran/Downloads/phpcake/cakephpapp/vendor/cakephp/cakephp/src/Http/Runner.php(65): Cake\Routing\Middleware\RoutingMiddleware->__invoke(Object(Zend\Diactoros\ServerRequest), Object(Zend\Diactoros\Response), Object(Cake\Http\Runner))
#6 /Users/anhtran/Downloads/phpcake/cakephpapp/vendor/cakephp/cakephp/src/Routing/Middleware/AssetMiddleware.php(88): Cake\Http\Runner->__invoke(Object(Zend\Diactoros\ServerRequest), Object(Zend\Diactoros\Response))
#7 /Users/anhtran/Downloads/phpcake/cakephpapp/vendor/cakephp/cakephp/src/Http/Runner.php(65): Cake\Routing\Middleware\AssetMiddleware->__invoke(Object(Zend\Diactoros\ServerRequest), Object(Zend\Diactoros\Response), Object(Cake\Http\Runner))
#8 /Users/anhtran/Downloads/phpcake/cakephpapp/vendor/cakephp/cakephp/src/Error/Middleware/ErrorHandlerMiddleware.php(81): Cake\Http\Runner->__invoke(Object(Zend\Diactoros\ServerRequest), Object(Zend\Diactoros\Response))
#9 /Users/anhtran/Downloads/phpcake/cakephpapp/vendor/cakephp/cakephp/src/Http/Runner.php(65): Cake\Error\Middleware\ErrorHandlerMiddleware->__invoke(Object(Zend\Diactoros\ServerRequest), Object(Zend\Diactoros\Response), Object(Cake\Http\Runner))
#10 /Users/anhtran/Downloads/phpcake/cakephpapp/vendor/cakephp/cakephp/src/Http/Runner.php(51): Cake\Http\Runner->__invoke(Object(Zend\Diactoros\ServerRequest), Object(Zend\Diactoros\Response))
#11 /Users/anhtran/Downloads/phpcake/cakephpapp/vendor/cakephp/cakephp/src/Http/Server.php(90): Cake\Http\Runner->run(Object(Cake\Http\MiddlewareQueue), Object(Zend\Diactoros\ServerRequest), Object(Zend\Diactoros\Response))
#12 /Users/anhtran/Downloads/phpcake/cakephpapp/webroot/index.php(37): Cake\Http\Server->run()
#13 {main}


2017-09-19 21:11:44 Error: [Cake\Routing\Exception\MissingRouteException] A "GET" route matching "/" could not be found.
Exception Attributes: array (
  'method' => 'GET',
  'url' => '/',
)
Request URL: /
Stack Trace:
#0 /Users/anhtran/Downloads/phpcake/cakephpapp/vendor/cakephp/cakephp/src/Routing/Router.php(351): Cake\Routing\RouteCollection->parse('/', 'GET')
#1 /Users/anhtran/Downloads/phpcake/cakephpapp/vendor/cakephp/cakephp/src/Routing/Middleware/RoutingMiddleware.php(51): Cake\Routing\Router::parse('/', 'GET')
#2 /Users/anhtran/Downloads/phpcake/cakephpapp/vendor/cakephp/cakephp/src/Http/Runner.php(65): Cake\Routing\Middleware\RoutingMiddleware->__invoke(Object(Zend\Diactoros\ServerRequest), Object(Zend\Diactoros\Response), Object(Cake\Http\Runner))
#3 /Users/anhtran/Downloads/phpcake/cakephpapp/vendor/cakephp/cakephp/src/Routing/Middleware/AssetMiddleware.php(88): Cake\Http\Runner->__invoke(Object(Zend\Diactoros\ServerRequest), Object(Zend\Diactoros\Response))
#4 /Users/anhtran/Downloads/phpcake/cakephpapp/vendor/cakephp/cakephp/src/Http/Runner.php(65): Cake\Routing\Middleware\AssetMiddleware->__invoke(Object(Zend\Diactoros\ServerRequest), Object(Zend\Diactoros\Response), Object(Cake\Http\Runner))
#5 /Users/anhtran/Downloads/phpcake/cakephpapp/vendor/cakephp/cakephp/src/Error/Middleware/ErrorHandlerMiddleware.php(81): Cake\Http\Runner->__invoke(Object(Zend\Diactoros\ServerRequest), Object(Zend\Diactoros\Response))
#6 /Users/anhtran/Downloads/phpcake/cakephpapp/vendor/cakephp/cakephp/src/Http/Runner.php(65): Cake\Error\Middleware\ErrorHandlerMiddleware->__invoke(Object(Zend\Diactoros\ServerRequest), Object(Zend\Diactoros\Response), Object(Cake\Http\Runner))
#7 /Users/anhtran/Downloads/phpcake/cakephpapp/vendor/cakephp/cakephp/src/Http/Runner.php(51): Cake\Http\Runner->__invoke(Object(Zend\Diactoros\ServerRequest), Object(Zend\Diactoros\Response))
#8 /Users/anhtran/Downloads/phpcake/cakephpapp/vendor/cakephp/cakephp/src/Http/Server.php(90): Cake\Http\Runner->run(Object(Cake\Http\MiddlewareQueue), Object(Zend\Diactoros\ServerRequest), Object(Zend\Diactoros\Response))
#9 /Users/anhtran/Downloads/phpcake/cakephpapp/webroot/index.php(37): Cake\Http\Server->run()
#10 {main}


2017-09-19 22:52:40 Error: [Cake\Controller\Exception\MissingActionException] Action CarsController::index() could not be found, or is not accessible.
Request URL: /cars/
Stack Trace:
#0 /Users/anhtran/Downloads/phpcake/cakephpapp/vendor/cakephp/cakephp/src/Http/ActionDispatcher.php(121): Cake\Controller\Controller->invokeAction()
#1 /Users/anhtran/Downloads/phpcake/cakephpapp/vendor/cakephp/cakephp/src/Http/ActionDispatcher.php(95): Cake\Http\ActionDispatcher->_invoke(Object(App\Controller\CarsController))
#2 /Users/anhtran/Downloads/phpcake/cakephpapp/vendor/cakephp/cakephp/src/Http/BaseApplication.php(83): Cake\Http\ActionDispatcher->dispatch(Object(Cake\Network\Request), Object(Cake\Network\Response))
#3 /Users/anhtran/Downloads/phpcake/cakephpapp/vendor/cakephp/cakephp/src/Http/Runner.php(65): Cake\Http\BaseApplication->__invoke(Object(Zend\Diactoros\ServerRequest), Object(Zend\Diactoros\Response), Object(Cake\Http\Runner))
#4 /Users/anhtran/Downloads/phpcake/cakephpapp/vendor/cakephp/cakephp/src/Routing/Middleware/RoutingMiddleware.php(62): Cake\Http\Runner->__invoke(Object(Zend\Diactoros\ServerRequest), Object(Zend\Diactoros\Response))
#5 /Users/anhtran/Downloads/phpcake/cakephpapp/vendor/cakephp/cakephp/src/Http/Runner.php(65): Cake\Routing\Middleware\RoutingMiddleware->__invoke(Object(Zend\Diactoros\ServerRequest), Object(Zend\Diactoros\Response), Object(Cake\Http\Runner))
#6 /Users/anhtran/Downloads/phpcake/cakephpapp/vendor/cakephp/cakephp/src/Routing/Middleware/AssetMiddleware.php(88): Cake\Http\Runner->__invoke(Object(Zend\Diactoros\ServerRequest), Object(Zend\Diactoros\Response))
#7 /Users/anhtran/Downloads/phpcake/cakephpapp/vendor/cakephp/cakephp/src/Http/Runner.php(65): Cake\Routing\Middleware\AssetMiddleware->__invoke(Object(Zend\Diactoros\ServerRequest), Object(Zend\Diactoros\Response), Object(Cake\Http\Runner))
#8 /Users/anhtran/Downloads/phpcake/cakephpapp/vendor/cakephp/cakephp/src/Error/Middleware/ErrorHandlerMiddleware.php(81): Cake\Http\Runner->__invoke(Object(Zend\Diactoros\ServerRequest), Object(Zend\Diactoros\Response))
#9 /Users/anhtran/Downloads/phpcake/cakephpapp/vendor/cakephp/cakephp/src/Http/Runner.php(65): Cake\Error\Middleware\ErrorHandlerMiddleware->__invoke(Object(Zend\Diactoros\ServerRequest), Object(Zend\Diactoros\Response), Object(Cake\Http\Runner))
#10 /Users/anhtran/Downloads/phpcake/cakephpapp/vendor/cakephp/cakephp/src/Http/Runner.php(51): Cake\Http\Runner->__invoke(Object(Zend\Diactoros\ServerRequest), Object(Zend\Diactoros\Response))
#11 /Users/anhtran/Downloads/phpcake/cakephpapp/vendor/cakephp/cakephp/src/Http/Server.php(90): Cake\Http\Runner->run(Object(Cake\Http\MiddlewareQueue), Object(Zend\Diactoros\ServerRequest), Object(Zend\Diactoros\Response))
#12 /Users/anhtran/Downloads/phpcake/cakephpapp/webroot/index.php(37): Cake\Http\Server->run()
#13 {main}


2017-09-19 22:52:47 Error: [Cake\Controller\Exception\MissingActionException] Action CarsController::index() could not be found, or is not accessible.
Request URL: /cars/
Stack Trace:
#0 /Users/anhtran/Downloads/phpcake/cakephpapp/vendor/cakephp/cakephp/src/Http/ActionDispatcher.php(121): Cake\Controller\Controller->invokeAction()
#1 /Users/anhtran/Downloads/phpcake/cakephpapp/vendor/cakephp/cakephp/src/Http/ActionDispatcher.php(95): Cake\Http\ActionDispatcher->_invoke(Object(App\Controller\CarsController))
#2 /Users/anhtran/Downloads/phpcake/cakephpapp/vendor/cakephp/cakephp/src/Http/BaseApplication.php(83): Cake\Http\ActionDispatcher->dispatch(Object(Cake\Network\Request), Object(Cake\Network\Response))
#3 /Users/anhtran/Downloads/phpcake/cakephpapp/vendor/cakephp/cakephp/src/Http/Runner.php(65): Cake\Http\BaseApplication->__invoke(Object(Zend\Diactoros\ServerRequest), Object(Zend\Diactoros\Response), Object(Cake\Http\Runner))
#4 /Users/anhtran/Downloads/phpcake/cakephpapp/vendor/cakephp/cakephp/src/Routing/Middleware/RoutingMiddleware.php(62): Cake\Http\Runner->__invoke(Object(Zend\Diactoros\ServerRequest), Object(Zend\Diactoros\Response))
#5 /Users/anhtran/Downloads/phpcake/cakephpapp/vendor/cakephp/cakephp/src/Http/Runner.php(65): Cake\Routing\Middleware\RoutingMiddleware->__invoke(Object(Zend\Diactoros\ServerRequest), Object(Zend\Diactoros\Response), Object(Cake\Http\Runner))
#6 /Users/anhtran/Downloads/phpcake/cakephpapp/vendor/cakephp/cakephp/src/Routing/Middleware/AssetMiddleware.php(88): Cake\Http\Runner->__invoke(Object(Zend\Diactoros\ServerRequest), Object(Zend\Diactoros\Response))
#7 /Users/anhtran/Downloads/phpcake/cakephpapp/vendor/cakephp/cakephp/src/Http/Runner.php(65): Cake\Routing\Middleware\AssetMiddleware->__invoke(Object(Zend\Diactoros\ServerRequest), Object(Zend\Diactoros\Response), Object(Cake\Http\Runner))
#8 /Users/anhtran/Downloads/phpcake/cakephpapp/vendor/cakephp/cakephp/src/Error/Middleware/ErrorHandlerMiddleware.php(81): Cake\Http\Runner->__invoke(Object(Zend\Diactoros\ServerRequest), Object(Zend\Diactoros\Response))
#9 /Users/anhtran/Downloads/phpcake/cakephpapp/vendor/cakephp/cakephp/src/Http/Runner.php(65): Cake\Error\Middleware\ErrorHandlerMiddleware->__invoke(Object(Zend\Diactoros\ServerRequest), Object(Zend\Diactoros\Response), Object(Cake\Http\Runner))
#10 /Users/anhtran/Downloads/phpcake/cakephpapp/vendor/cakephp/cakephp/src/Http/Runner.php(51): Cake\Http\Runner->__invoke(Object(Zend\Diactoros\ServerRequest), Object(Zend\Diactoros\Response))
#11 /Users/anhtran/Downloads/phpcake/cakephpapp/vendor/cakephp/cakephp/src/Http/Server.php(90): Cake\Http\Runner->run(Object(Cake\Http\MiddlewareQueue), Object(Zend\Diactoros\ServerRequest), Object(Zend\Diactoros\Response))
#12 /Users/anhtran/Downloads/phpcake/cakephpapp/webroot/index.php(37): Cake\Http\Server->run()
#13 {main}


2017-09-19 22:52:56 Error: [Cake\Controller\Exception\MissingActionException] Action CarsController::main1() could not be found, or is not accessible.
Request URL: /cars/main1
Stack Trace:
#0 /Users/anhtran/Downloads/phpcake/cakephpapp/vendor/cakephp/cakephp/src/Http/ActionDispatcher.php(121): Cake\Controller\Controller->invokeAction()
#1 /Users/anhtran/Downloads/phpcake/cakephpapp/vendor/cakephp/cakephp/src/Http/ActionDispatcher.php(95): Cake\Http\ActionDispatcher->_invoke(Object(App\Controller\CarsController))
#2 /Users/anhtran/Downloads/phpcake/cakephpapp/vendor/cakephp/cakephp/src/Http/BaseApplication.php(83): Cake\Http\ActionDispatcher->dispatch(Object(Cake\Network\Request), Object(Cake\Network\Response))
#3 /Users/anhtran/Downloads/phpcake/cakephpapp/vendor/cakephp/cakephp/src/Http/Runner.php(65): Cake\Http\BaseApplication->__invoke(Object(Zend\Diactoros\ServerRequest), Object(Zend\Diactoros\Response), Object(Cake\Http\Runner))
#4 /Users/anhtran/Downloads/phpcake/cakephpapp/vendor/cakephp/cakephp/src/Routing/Middleware/RoutingMiddleware.php(62): Cake\Http\Runner->__invoke(Object(Zend\Diactoros\ServerRequest), Object(Zend\Diactoros\Response))
#5 /Users/anhtran/Downloads/phpcake/cakephpapp/vendor/cakephp/cakephp/src/Http/Runner.php(65): Cake\Routing\Middleware\RoutingMiddleware->__invoke(Object(Zend\Diactoros\ServerRequest), Object(Zend\Diactoros\Response), Object(Cake\Http\Runner))
#6 /Users/anhtran/Downloads/phpcake/cakephpapp/vendor/cakephp/cakephp/src/Routing/Middleware/AssetMiddleware.php(88): Cake\Http\Runner->__invoke(Object(Zend\Diactoros\ServerRequest), Object(Zend\Diactoros\Response))
#7 /Users/anhtran/Downloads/phpcake/cakephpapp/vendor/cakephp/cakephp/src/Http/Runner.php(65): Cake\Routing\Middleware\AssetMiddleware->__invoke(Object(Zend\Diactoros\ServerRequest), Object(Zend\Diactoros\Response), Object(Cake\Http\Runner))
#8 /Users/anhtran/Downloads/phpcake/cakephpapp/vendor/cakephp/cakephp/src/Error/Middleware/ErrorHandlerMiddleware.php(81): Cake\Http\Runner->__invoke(Object(Zend\Diactoros\ServerRequest), Object(Zend\Diactoros\Response))
#9 /Users/anhtran/Downloads/phpcake/cakephpapp/vendor/cakephp/cakephp/src/Http/Runner.php(65): Cake\Error\Middleware\ErrorHandlerMiddleware->__invoke(Object(Zend\Diactoros\ServerRequest), Object(Zend\Diactoros\Response), Object(Cake\Http\Runner))
#10 /Users/anhtran/Downloads/phpcake/cakephpapp/vendor/cakephp/cakephp/src/Http/Runner.php(51): Cake\Http\Runner->__invoke(Object(Zend\Diactoros\ServerRequest), Object(Zend\Diactoros\Response))
#11 /Users/anhtran/Downloads/phpcake/cakephpapp/vendor/cakephp/cakephp/src/Http/Server.php(90): Cake\Http\Runner->run(Object(Cake\Http\MiddlewareQueue), Object(Zend\Diactoros\ServerRequest), Object(Zend\Diactoros\Response))
#12 /Users/anhtran/Downloads/phpcake/cakephpapp/webroot/index.php(37): Cake\Http\Server->run()
#13 {main}


